[2021-02-13 16:30:03,862] {taskinstance.py:671} INFO - Dependencies all met for <TaskInstance: airflow_monitoring.echo 2021-02-13T16:29:42+00:00 [queued]>@-@{"workflow": "airflow_monitoring", "task-id": "echo", "execution-date": "2021-02-13T16:29:42+00:00"}
[2021-02-13 16:30:03,900] {taskinstance.py:671} INFO - Dependencies all met for <TaskInstance: airflow_monitoring.echo 2021-02-13T16:29:42+00:00 [queued]>@-@{"workflow": "airflow_monitoring", "task-id": "echo", "execution-date": "2021-02-13T16:29:42+00:00"}
[2021-02-13 16:30:03,901] {taskinstance.py:881} INFO - 
--------------------------------------------------------------------------------@-@{"workflow": "airflow_monitoring", "task-id": "echo", "execution-date": "2021-02-13T16:29:42+00:00"}
[2021-02-13 16:30:03,902] {taskinstance.py:882} INFO - Starting attempt 1 of 2@-@{"workflow": "airflow_monitoring", "task-id": "echo", "execution-date": "2021-02-13T16:29:42+00:00"}
[2021-02-13 16:30:03,902] {taskinstance.py:883} INFO - 
--------------------------------------------------------------------------------@-@{"workflow": "airflow_monitoring", "task-id": "echo", "execution-date": "2021-02-13T16:29:42+00:00"}
[2021-02-13 16:30:03,939] {taskinstance.py:902} INFO - Executing <Task(BashOperator): echo> on 2021-02-13T16:29:42+00:00@-@{"workflow": "airflow_monitoring", "task-id": "echo", "execution-date": "2021-02-13T16:29:42+00:00"}
[2021-02-13 16:30:03,941] {standard_task_runner.py:54} INFO - Started process 944 to run task@-@{"workflow": "airflow_monitoring", "task-id": "echo", "execution-date": "2021-02-13T16:29:42+00:00"}
[2021-02-13 16:30:04,005] {standard_task_runner.py:77} INFO - Running: ['airflow', 'run', 'airflow_monitoring', 'echo', '2021-02-13T16:29:42+00:00', '--job_id', '25', '--pool', 'default_pool', '--raw', '-sd', 'DAGS_FOLDER/airflow_monitoring.py', '--cfg_path', '/tmp/tmpzols2301']@-@{"workflow": "airflow_monitoring", "task-id": "echo", "execution-date": "2021-02-13T16:29:42+00:00"}
[2021-02-13 16:30:04,006] {standard_task_runner.py:78} INFO - Job 25: Subtask echo@-@{"workflow": "airflow_monitoring", "task-id": "echo", "execution-date": "2021-02-13T16:29:42+00:00"}
[2021-02-13 16:30:04,385] {logging_mixin.py:112} INFO - Running <TaskInstance: airflow_monitoring.echo 2021-02-13T16:29:42+00:00 [running]> on host airflow-worker-6b9fdcd657-rm6pw@-@{"workflow": "airflow_monitoring", "task-id": "echo", "execution-date": "2021-02-13T16:29:42+00:00"}
[2021-02-13 16:30:04,459] {bash_operator.py:114} INFO - Tmp dir root location: 
 /tmp@-@{"workflow": "airflow_monitoring", "task-id": "echo", "execution-date": "2021-02-13T16:29:42+00:00"}@-@{"workflow": "airflow_monitoring", "task-id": "echo", "execution-date": "2021-02-13T16:29:42+00:00"}
[2021-02-13 16:30:04,460] {bash_operator.py:137} INFO - Temporary script location: /tmp/airflowtmpk67v4y91/echo6sn5txka@-@{"workflow": "airflow_monitoring", "task-id": "echo", "execution-date": "2021-02-13T16:29:42+00:00"}@-@{"workflow": "airflow_monitoring", "task-id": "echo", "execution-date": "2021-02-13T16:29:42+00:00"}
[2021-02-13 16:30:04,460] {bash_operator.py:147} INFO - Running command: echo test@-@{"workflow": "airflow_monitoring", "task-id": "echo", "execution-date": "2021-02-13T16:29:42+00:00"}@-@{"workflow": "airflow_monitoring", "task-id": "echo", "execution-date": "2021-02-13T16:29:42+00:00"}
[2021-02-13 16:30:04,608] {bash_operator.py:154} INFO - Output:@-@{"workflow": "airflow_monitoring", "task-id": "echo", "execution-date": "2021-02-13T16:29:42+00:00"}@-@{"workflow": "airflow_monitoring", "task-id": "echo", "execution-date": "2021-02-13T16:29:42+00:00"}
[2021-02-13 16:30:04,617] {bash_operator.py:158} INFO - test@-@{"workflow": "airflow_monitoring", "task-id": "echo", "execution-date": "2021-02-13T16:29:42+00:00"}@-@{"workflow": "airflow_monitoring", "task-id": "echo", "execution-date": "2021-02-13T16:29:42+00:00"}
[2021-02-13 16:30:04,619] {bash_operator.py:162} INFO - Command exited with return code 0@-@{"workflow": "airflow_monitoring", "task-id": "echo", "execution-date": "2021-02-13T16:29:42+00:00"}@-@{"workflow": "airflow_monitoring", "task-id": "echo", "execution-date": "2021-02-13T16:29:42+00:00"}
[2021-02-13 16:30:04,700] {taskinstance.py:1071} INFO - Marking task as SUCCESS.dag_id=airflow_monitoring, task_id=echo, execution_date=20210213T162942, start_date=20210213T163003, end_date=20210213T163004@-@{"workflow": "airflow_monitoring", "task-id": "echo", "execution-date": "2021-02-13T16:29:42+00:00"}
[2021-02-13 16:30:08,781] {local_task_job.py:102} INFO - Task exited with return code 0@-@{"workflow": "airflow_monitoring", "task-id": "echo", "execution-date": "2021-02-13T16:29:42+00:00"}
