[2021-02-13 16:18:33,587] {taskinstance.py:671} INFO - Dependencies all met for <TaskInstance: airflow_monitoring.echo 2021-02-13T16:18:12+00:00 [queued]>@-@{"workflow": "airflow_monitoring", "task-id": "echo", "execution-date": "2021-02-13T16:18:12+00:00"}
[2021-02-13 16:18:33,727] {taskinstance.py:671} INFO - Dependencies all met for <TaskInstance: airflow_monitoring.echo 2021-02-13T16:18:12+00:00 [queued]>@-@{"workflow": "airflow_monitoring", "task-id": "echo", "execution-date": "2021-02-13T16:18:12+00:00"}
[2021-02-13 16:18:33,731] {taskinstance.py:881} INFO - 
--------------------------------------------------------------------------------@-@{"workflow": "airflow_monitoring", "task-id": "echo", "execution-date": "2021-02-13T16:18:12+00:00"}
[2021-02-13 16:18:33,732] {taskinstance.py:882} INFO - Starting attempt 1 of 2@-@{"workflow": "airflow_monitoring", "task-id": "echo", "execution-date": "2021-02-13T16:18:12+00:00"}
[2021-02-13 16:18:33,733] {taskinstance.py:883} INFO - 
--------------------------------------------------------------------------------@-@{"workflow": "airflow_monitoring", "task-id": "echo", "execution-date": "2021-02-13T16:18:12+00:00"}
[2021-02-13 16:18:33,776] {taskinstance.py:902} INFO - Executing <Task(BashOperator): echo> on 2021-02-13T16:18:12+00:00@-@{"workflow": "airflow_monitoring", "task-id": "echo", "execution-date": "2021-02-13T16:18:12+00:00"}
[2021-02-13 16:18:33,793] {standard_task_runner.py:54} INFO - Started process 799 to run task@-@{"workflow": "airflow_monitoring", "task-id": "echo", "execution-date": "2021-02-13T16:18:12+00:00"}
[2021-02-13 16:18:34,064] {standard_task_runner.py:77} INFO - Running: ['airflow', 'run', 'airflow_monitoring', 'echo', '2021-02-13T16:18:12+00:00', '--job_id', '22', '--pool', 'default_pool', '--raw', '-sd', 'DAGS_FOLDER/airflow_monitoring.py', '--cfg_path', '/tmp/tmpaxqd0z2f']@-@{"workflow": "airflow_monitoring", "task-id": "echo", "execution-date": "2021-02-13T16:18:12+00:00"}
[2021-02-13 16:18:34,070] {standard_task_runner.py:78} INFO - Job 22: Subtask echo@-@{"workflow": "airflow_monitoring", "task-id": "echo", "execution-date": "2021-02-13T16:18:12+00:00"}
[2021-02-13 16:18:34,678] {logging_mixin.py:112} INFO - Running <TaskInstance: airflow_monitoring.echo 2021-02-13T16:18:12+00:00 [running]> on host airflow-worker-6b9fdcd657-mzqsg@-@{"workflow": "airflow_monitoring", "task-id": "echo", "execution-date": "2021-02-13T16:18:12+00:00"}
[2021-02-13 16:18:34,870] {bash_operator.py:114} INFO - Tmp dir root location: 
 /tmp@-@{"workflow": "airflow_monitoring", "task-id": "echo", "execution-date": "2021-02-13T16:18:12+00:00"}@-@{"workflow": "airflow_monitoring", "task-id": "echo", "execution-date": "2021-02-13T16:18:12+00:00"}
[2021-02-13 16:18:34,874] {bash_operator.py:137} INFO - Temporary script location: /tmp/airflowtmpybk16hvv/echovftawyfm@-@{"workflow": "airflow_monitoring", "task-id": "echo", "execution-date": "2021-02-13T16:18:12+00:00"}@-@{"workflow": "airflow_monitoring", "task-id": "echo", "execution-date": "2021-02-13T16:18:12+00:00"}
[2021-02-13 16:18:34,880] {bash_operator.py:147} INFO - Running command: echo test@-@{"workflow": "airflow_monitoring", "task-id": "echo", "execution-date": "2021-02-13T16:18:12+00:00"}@-@{"workflow": "airflow_monitoring", "task-id": "echo", "execution-date": "2021-02-13T16:18:12+00:00"}
[2021-02-13 16:18:35,102] {bash_operator.py:154} INFO - Output:@-@{"workflow": "airflow_monitoring", "task-id": "echo", "execution-date": "2021-02-13T16:18:12+00:00"}@-@{"workflow": "airflow_monitoring", "task-id": "echo", "execution-date": "2021-02-13T16:18:12+00:00"}
[2021-02-13 16:18:35,118] {bash_operator.py:158} INFO - test@-@{"workflow": "airflow_monitoring", "task-id": "echo", "execution-date": "2021-02-13T16:18:12+00:00"}@-@{"workflow": "airflow_monitoring", "task-id": "echo", "execution-date": "2021-02-13T16:18:12+00:00"}
[2021-02-13 16:18:35,122] {bash_operator.py:162} INFO - Command exited with return code 0@-@{"workflow": "airflow_monitoring", "task-id": "echo", "execution-date": "2021-02-13T16:18:12+00:00"}@-@{"workflow": "airflow_monitoring", "task-id": "echo", "execution-date": "2021-02-13T16:18:12+00:00"}
[2021-02-13 16:18:35,209] {taskinstance.py:1071} INFO - Marking task as SUCCESS.dag_id=airflow_monitoring, task_id=echo, execution_date=20210213T161812, start_date=20210213T161833, end_date=20210213T161835@-@{"workflow": "airflow_monitoring", "task-id": "echo", "execution-date": "2021-02-13T16:18:12+00:00"}
[2021-02-13 16:18:38,207] {local_task_job.py:102} INFO - Task exited with return code 0@-@{"workflow": "airflow_monitoring", "task-id": "echo", "execution-date": "2021-02-13T16:18:12+00:00"}
