[2021-02-13 16:01:19,008] {taskinstance.py:671} INFO - Dependencies all met for <TaskInstance: airflow_monitoring.echo 2021-02-13T16:00:54+00:00 [queued]>@-@{"workflow": "airflow_monitoring", "task-id": "echo", "execution-date": "2021-02-13T16:00:54+00:00"}
[2021-02-13 16:01:19,054] {taskinstance.py:671} INFO - Dependencies all met for <TaskInstance: airflow_monitoring.echo 2021-02-13T16:00:54+00:00 [queued]>@-@{"workflow": "airflow_monitoring", "task-id": "echo", "execution-date": "2021-02-13T16:00:54+00:00"}
[2021-02-13 16:01:19,054] {taskinstance.py:881} INFO - 
--------------------------------------------------------------------------------@-@{"workflow": "airflow_monitoring", "task-id": "echo", "execution-date": "2021-02-13T16:00:54+00:00"}
[2021-02-13 16:01:19,055] {taskinstance.py:882} INFO - Starting attempt 1 of 2@-@{"workflow": "airflow_monitoring", "task-id": "echo", "execution-date": "2021-02-13T16:00:54+00:00"}
[2021-02-13 16:01:19,055] {taskinstance.py:883} INFO - 
--------------------------------------------------------------------------------@-@{"workflow": "airflow_monitoring", "task-id": "echo", "execution-date": "2021-02-13T16:00:54+00:00"}
[2021-02-13 16:01:19,106] {taskinstance.py:902} INFO - Executing <Task(BashOperator): echo> on 2021-02-13T16:00:54+00:00@-@{"workflow": "airflow_monitoring", "task-id": "echo", "execution-date": "2021-02-13T16:00:54+00:00"}
[2021-02-13 16:01:19,109] {standard_task_runner.py:54} INFO - Started process 632 to run task@-@{"workflow": "airflow_monitoring", "task-id": "echo", "execution-date": "2021-02-13T16:00:54+00:00"}
[2021-02-13 16:01:19,170] {standard_task_runner.py:77} INFO - Running: ['airflow', 'run', 'airflow_monitoring', 'echo', '2021-02-13T16:00:54+00:00', '--job_id', '18', '--pool', 'default_pool', '--raw', '-sd', 'DAGS_FOLDER/airflow_monitoring.py', '--cfg_path', '/tmp/tmplau9l5p3']@-@{"workflow": "airflow_monitoring", "task-id": "echo", "execution-date": "2021-02-13T16:00:54+00:00"}
[2021-02-13 16:01:19,171] {standard_task_runner.py:78} INFO - Job 18: Subtask echo@-@{"workflow": "airflow_monitoring", "task-id": "echo", "execution-date": "2021-02-13T16:00:54+00:00"}
[2021-02-13 16:01:19,656] {logging_mixin.py:112} INFO - Running <TaskInstance: airflow_monitoring.echo 2021-02-13T16:00:54+00:00 [running]> on host airflow-worker-6b9fdcd657-2zrhq@-@{"workflow": "airflow_monitoring", "task-id": "echo", "execution-date": "2021-02-13T16:00:54+00:00"}
[2021-02-13 16:01:19,742] {bash_operator.py:114} INFO - Tmp dir root location: 
 /tmp@-@{"workflow": "airflow_monitoring", "task-id": "echo", "execution-date": "2021-02-13T16:00:54+00:00"}@-@{"workflow": "airflow_monitoring", "task-id": "echo", "execution-date": "2021-02-13T16:00:54+00:00"}
[2021-02-13 16:01:19,743] {bash_operator.py:137} INFO - Temporary script location: /tmp/airflowtmp443ho_81/echo1mw2ulql@-@{"workflow": "airflow_monitoring", "task-id": "echo", "execution-date": "2021-02-13T16:00:54+00:00"}@-@{"workflow": "airflow_monitoring", "task-id": "echo", "execution-date": "2021-02-13T16:00:54+00:00"}
[2021-02-13 16:01:19,744] {bash_operator.py:147} INFO - Running command: echo test@-@{"workflow": "airflow_monitoring", "task-id": "echo", "execution-date": "2021-02-13T16:00:54+00:00"}@-@{"workflow": "airflow_monitoring", "task-id": "echo", "execution-date": "2021-02-13T16:00:54+00:00"}
[2021-02-13 16:01:19,938] {bash_operator.py:154} INFO - Output:@-@{"workflow": "airflow_monitoring", "task-id": "echo", "execution-date": "2021-02-13T16:00:54+00:00"}@-@{"workflow": "airflow_monitoring", "task-id": "echo", "execution-date": "2021-02-13T16:00:54+00:00"}
[2021-02-13 16:01:19,941] {bash_operator.py:158} INFO - test@-@{"workflow": "airflow_monitoring", "task-id": "echo", "execution-date": "2021-02-13T16:00:54+00:00"}@-@{"workflow": "airflow_monitoring", "task-id": "echo", "execution-date": "2021-02-13T16:00:54+00:00"}
[2021-02-13 16:01:19,941] {bash_operator.py:162} INFO - Command exited with return code 0@-@{"workflow": "airflow_monitoring", "task-id": "echo", "execution-date": "2021-02-13T16:00:54+00:00"}@-@{"workflow": "airflow_monitoring", "task-id": "echo", "execution-date": "2021-02-13T16:00:54+00:00"}
[2021-02-13 16:01:19,974] {taskinstance.py:1071} INFO - Marking task as SUCCESS.dag_id=airflow_monitoring, task_id=echo, execution_date=20210213T160054, start_date=20210213T160119, end_date=20210213T160119@-@{"workflow": "airflow_monitoring", "task-id": "echo", "execution-date": "2021-02-13T16:00:54+00:00"}
[2021-02-13 16:01:23,779] {local_task_job.py:102} INFO - Task exited with return code 0@-@{"workflow": "airflow_monitoring", "task-id": "echo", "execution-date": "2021-02-13T16:00:54+00:00"}
