[2021-02-13 16:58:45,373] {taskinstance.py:671} INFO - Dependencies all met for <TaskInstance: airflow_monitoring.echo 2021-02-13T16:58:15+00:00 [queued]>@-@{"workflow": "airflow_monitoring", "task-id": "echo", "execution-date": "2021-02-13T16:58:15+00:00"}
[2021-02-13 16:58:45,432] {taskinstance.py:671} INFO - Dependencies all met for <TaskInstance: airflow_monitoring.echo 2021-02-13T16:58:15+00:00 [queued]>@-@{"workflow": "airflow_monitoring", "task-id": "echo", "execution-date": "2021-02-13T16:58:15+00:00"}
[2021-02-13 16:58:45,433] {taskinstance.py:881} INFO - 
--------------------------------------------------------------------------------@-@{"workflow": "airflow_monitoring", "task-id": "echo", "execution-date": "2021-02-13T16:58:15+00:00"}
[2021-02-13 16:58:45,434] {taskinstance.py:882} INFO - Starting attempt 1 of 2@-@{"workflow": "airflow_monitoring", "task-id": "echo", "execution-date": "2021-02-13T16:58:15+00:00"}
[2021-02-13 16:58:45,434] {taskinstance.py:883} INFO - 
--------------------------------------------------------------------------------@-@{"workflow": "airflow_monitoring", "task-id": "echo", "execution-date": "2021-02-13T16:58:15+00:00"}
[2021-02-13 16:58:45,485] {taskinstance.py:902} INFO - Executing <Task(BashOperator): echo> on 2021-02-13T16:58:15+00:00@-@{"workflow": "airflow_monitoring", "task-id": "echo", "execution-date": "2021-02-13T16:58:15+00:00"}
[2021-02-13 16:58:45,492] {standard_task_runner.py:54} INFO - Started process 1212 to run task@-@{"workflow": "airflow_monitoring", "task-id": "echo", "execution-date": "2021-02-13T16:58:15+00:00"}
[2021-02-13 16:58:45,629] {standard_task_runner.py:77} INFO - Running: ['airflow', 'run', 'airflow_monitoring', 'echo', '2021-02-13T16:58:15+00:00', '--job_id', '33', '--pool', 'default_pool', '--raw', '-sd', 'DAGS_FOLDER/airflow_monitoring.py', '--cfg_path', '/tmp/tmp8zvc3z2l']@-@{"workflow": "airflow_monitoring", "task-id": "echo", "execution-date": "2021-02-13T16:58:15+00:00"}
[2021-02-13 16:58:45,634] {standard_task_runner.py:78} INFO - Job 33: Subtask echo@-@{"workflow": "airflow_monitoring", "task-id": "echo", "execution-date": "2021-02-13T16:58:15+00:00"}
[2021-02-13 16:58:46,166] {logging_mixin.py:112} INFO - Running <TaskInstance: airflow_monitoring.echo 2021-02-13T16:58:15+00:00 [running]> on host airflow-worker-6b9fdcd657-rm6pw@-@{"workflow": "airflow_monitoring", "task-id": "echo", "execution-date": "2021-02-13T16:58:15+00:00"}
[2021-02-13 16:58:46,258] {bash_operator.py:114} INFO - Tmp dir root location: 
 /tmp@-@{"workflow": "airflow_monitoring", "task-id": "echo", "execution-date": "2021-02-13T16:58:15+00:00"}@-@{"workflow": "airflow_monitoring", "task-id": "echo", "execution-date": "2021-02-13T16:58:15+00:00"}
[2021-02-13 16:58:46,261] {bash_operator.py:137} INFO - Temporary script location: /tmp/airflowtmp5_f1bot5/echoi4yfewv_@-@{"workflow": "airflow_monitoring", "task-id": "echo", "execution-date": "2021-02-13T16:58:15+00:00"}@-@{"workflow": "airflow_monitoring", "task-id": "echo", "execution-date": "2021-02-13T16:58:15+00:00"}
[2021-02-13 16:58:46,262] {bash_operator.py:147} INFO - Running command: echo test@-@{"workflow": "airflow_monitoring", "task-id": "echo", "execution-date": "2021-02-13T16:58:15+00:00"}@-@{"workflow": "airflow_monitoring", "task-id": "echo", "execution-date": "2021-02-13T16:58:15+00:00"}
[2021-02-13 16:58:46,410] {bash_operator.py:154} INFO - Output:@-@{"workflow": "airflow_monitoring", "task-id": "echo", "execution-date": "2021-02-13T16:58:15+00:00"}@-@{"workflow": "airflow_monitoring", "task-id": "echo", "execution-date": "2021-02-13T16:58:15+00:00"}
[2021-02-13 16:58:46,413] {bash_operator.py:158} INFO - test@-@{"workflow": "airflow_monitoring", "task-id": "echo", "execution-date": "2021-02-13T16:58:15+00:00"}@-@{"workflow": "airflow_monitoring", "task-id": "echo", "execution-date": "2021-02-13T16:58:15+00:00"}
[2021-02-13 16:58:46,414] {bash_operator.py:162} INFO - Command exited with return code 0@-@{"workflow": "airflow_monitoring", "task-id": "echo", "execution-date": "2021-02-13T16:58:15+00:00"}@-@{"workflow": "airflow_monitoring", "task-id": "echo", "execution-date": "2021-02-13T16:58:15+00:00"}
[2021-02-13 16:58:46,455] {taskinstance.py:1071} INFO - Marking task as SUCCESS.dag_id=airflow_monitoring, task_id=echo, execution_date=20210213T165815, start_date=20210213T165845, end_date=20210213T165846@-@{"workflow": "airflow_monitoring", "task-id": "echo", "execution-date": "2021-02-13T16:58:15+00:00"}
[2021-02-13 16:58:50,124] {local_task_job.py:102} INFO - Task exited with return code 0@-@{"workflow": "airflow_monitoring", "task-id": "echo", "execution-date": "2021-02-13T16:58:15+00:00"}
