[2021-02-13 16:07:08,039] {taskinstance.py:671} INFO - Dependencies all met for <TaskInstance: airflow_monitoring.echo 2021-02-13T16:06:44+00:00 [queued]>@-@{"workflow": "airflow_monitoring", "task-id": "echo", "execution-date": "2021-02-13T16:06:44+00:00"}
[2021-02-13 16:07:08,112] {taskinstance.py:671} INFO - Dependencies all met for <TaskInstance: airflow_monitoring.echo 2021-02-13T16:06:44+00:00 [queued]>@-@{"workflow": "airflow_monitoring", "task-id": "echo", "execution-date": "2021-02-13T16:06:44+00:00"}
[2021-02-13 16:07:08,112] {taskinstance.py:881} INFO - 
--------------------------------------------------------------------------------@-@{"workflow": "airflow_monitoring", "task-id": "echo", "execution-date": "2021-02-13T16:06:44+00:00"}
[2021-02-13 16:07:08,112] {taskinstance.py:882} INFO - Starting attempt 1 of 2@-@{"workflow": "airflow_monitoring", "task-id": "echo", "execution-date": "2021-02-13T16:06:44+00:00"}
[2021-02-13 16:07:08,112] {taskinstance.py:883} INFO - 
--------------------------------------------------------------------------------@-@{"workflow": "airflow_monitoring", "task-id": "echo", "execution-date": "2021-02-13T16:06:44+00:00"}
[2021-02-13 16:07:08,128] {taskinstance.py:902} INFO - Executing <Task(BashOperator): echo> on 2021-02-13T16:06:44+00:00@-@{"workflow": "airflow_monitoring", "task-id": "echo", "execution-date": "2021-02-13T16:06:44+00:00"}
[2021-02-13 16:07:08,131] {standard_task_runner.py:54} INFO - Started process 692 to run task@-@{"workflow": "airflow_monitoring", "task-id": "echo", "execution-date": "2021-02-13T16:06:44+00:00"}
[2021-02-13 16:07:08,190] {standard_task_runner.py:77} INFO - Running: ['airflow', 'run', 'airflow_monitoring', 'echo', '2021-02-13T16:06:44+00:00', '--job_id', '19', '--pool', 'default_pool', '--raw', '-sd', 'DAGS_FOLDER/airflow_monitoring.py', '--cfg_path', '/tmp/tmp_opem2qc']@-@{"workflow": "airflow_monitoring", "task-id": "echo", "execution-date": "2021-02-13T16:06:44+00:00"}
[2021-02-13 16:07:08,192] {standard_task_runner.py:78} INFO - Job 19: Subtask echo@-@{"workflow": "airflow_monitoring", "task-id": "echo", "execution-date": "2021-02-13T16:06:44+00:00"}
[2021-02-13 16:07:08,675] {logging_mixin.py:112} INFO - Running <TaskInstance: airflow_monitoring.echo 2021-02-13T16:06:44+00:00 [running]> on host airflow-worker-6b9fdcd657-2zrhq@-@{"workflow": "airflow_monitoring", "task-id": "echo", "execution-date": "2021-02-13T16:06:44+00:00"}
[2021-02-13 16:07:08,758] {bash_operator.py:114} INFO - Tmp dir root location: 
 /tmp@-@{"workflow": "airflow_monitoring", "task-id": "echo", "execution-date": "2021-02-13T16:06:44+00:00"}@-@{"workflow": "airflow_monitoring", "task-id": "echo", "execution-date": "2021-02-13T16:06:44+00:00"}
[2021-02-13 16:07:08,759] {bash_operator.py:137} INFO - Temporary script location: /tmp/airflowtmp6p42iob0/echo5dyttf_z@-@{"workflow": "airflow_monitoring", "task-id": "echo", "execution-date": "2021-02-13T16:06:44+00:00"}@-@{"workflow": "airflow_monitoring", "task-id": "echo", "execution-date": "2021-02-13T16:06:44+00:00"}
[2021-02-13 16:07:08,760] {bash_operator.py:147} INFO - Running command: echo test@-@{"workflow": "airflow_monitoring", "task-id": "echo", "execution-date": "2021-02-13T16:06:44+00:00"}@-@{"workflow": "airflow_monitoring", "task-id": "echo", "execution-date": "2021-02-13T16:06:44+00:00"}
[2021-02-13 16:07:08,900] {bash_operator.py:154} INFO - Output:@-@{"workflow": "airflow_monitoring", "task-id": "echo", "execution-date": "2021-02-13T16:06:44+00:00"}@-@{"workflow": "airflow_monitoring", "task-id": "echo", "execution-date": "2021-02-13T16:06:44+00:00"}
[2021-02-13 16:07:08,902] {bash_operator.py:158} INFO - test@-@{"workflow": "airflow_monitoring", "task-id": "echo", "execution-date": "2021-02-13T16:06:44+00:00"}@-@{"workflow": "airflow_monitoring", "task-id": "echo", "execution-date": "2021-02-13T16:06:44+00:00"}
[2021-02-13 16:07:08,903] {bash_operator.py:162} INFO - Command exited with return code 0@-@{"workflow": "airflow_monitoring", "task-id": "echo", "execution-date": "2021-02-13T16:06:44+00:00"}@-@{"workflow": "airflow_monitoring", "task-id": "echo", "execution-date": "2021-02-13T16:06:44+00:00"}
[2021-02-13 16:07:08,938] {taskinstance.py:1071} INFO - Marking task as SUCCESS.dag_id=airflow_monitoring, task_id=echo, execution_date=20210213T160644, start_date=20210213T160708, end_date=20210213T160708@-@{"workflow": "airflow_monitoring", "task-id": "echo", "execution-date": "2021-02-13T16:06:44+00:00"}
[2021-02-13 16:07:12,782] {local_task_job.py:102} INFO - Task exited with return code 0@-@{"workflow": "airflow_monitoring", "task-id": "echo", "execution-date": "2021-02-13T16:06:44+00:00"}
