[2021-02-13 16:52:51,404] {taskinstance.py:671} INFO - Dependencies all met for <TaskInstance: airflow_monitoring.echo 2021-02-13T16:52:36+00:00 [queued]>@-@{"workflow": "airflow_monitoring", "task-id": "echo", "execution-date": "2021-02-13T16:52:36+00:00"}
[2021-02-13 16:52:51,457] {taskinstance.py:671} INFO - Dependencies all met for <TaskInstance: airflow_monitoring.echo 2021-02-13T16:52:36+00:00 [queued]>@-@{"workflow": "airflow_monitoring", "task-id": "echo", "execution-date": "2021-02-13T16:52:36+00:00"}
[2021-02-13 16:52:51,458] {taskinstance.py:881} INFO - 
--------------------------------------------------------------------------------@-@{"workflow": "airflow_monitoring", "task-id": "echo", "execution-date": "2021-02-13T16:52:36+00:00"}
[2021-02-13 16:52:51,458] {taskinstance.py:882} INFO - Starting attempt 1 of 2@-@{"workflow": "airflow_monitoring", "task-id": "echo", "execution-date": "2021-02-13T16:52:36+00:00"}
[2021-02-13 16:52:51,459] {taskinstance.py:883} INFO - 
--------------------------------------------------------------------------------@-@{"workflow": "airflow_monitoring", "task-id": "echo", "execution-date": "2021-02-13T16:52:36+00:00"}
[2021-02-13 16:52:51,513] {taskinstance.py:902} INFO - Executing <Task(BashOperator): echo> on 2021-02-13T16:52:36+00:00@-@{"workflow": "airflow_monitoring", "task-id": "echo", "execution-date": "2021-02-13T16:52:36+00:00"}
[2021-02-13 16:52:51,515] {standard_task_runner.py:54} INFO - Started process 1132 to run task@-@{"workflow": "airflow_monitoring", "task-id": "echo", "execution-date": "2021-02-13T16:52:36+00:00"}
[2021-02-13 16:52:51,575] {standard_task_runner.py:77} INFO - Running: ['airflow', 'run', 'airflow_monitoring', 'echo', '2021-02-13T16:52:36+00:00', '--job_id', '32', '--pool', 'default_pool', '--raw', '-sd', 'DAGS_FOLDER/airflow_monitoring.py', '--cfg_path', '/tmp/tmpfygoirxx']@-@{"workflow": "airflow_monitoring", "task-id": "echo", "execution-date": "2021-02-13T16:52:36+00:00"}
[2021-02-13 16:52:51,577] {standard_task_runner.py:78} INFO - Job 32: Subtask echo@-@{"workflow": "airflow_monitoring", "task-id": "echo", "execution-date": "2021-02-13T16:52:36+00:00"}
[2021-02-13 16:52:52,071] {logging_mixin.py:112} INFO - Running <TaskInstance: airflow_monitoring.echo 2021-02-13T16:52:36+00:00 [running]> on host airflow-worker-6b9fdcd657-mzqsg@-@{"workflow": "airflow_monitoring", "task-id": "echo", "execution-date": "2021-02-13T16:52:36+00:00"}
[2021-02-13 16:52:52,155] {bash_operator.py:114} INFO - Tmp dir root location: 
 /tmp@-@{"workflow": "airflow_monitoring", "task-id": "echo", "execution-date": "2021-02-13T16:52:36+00:00"}@-@{"workflow": "airflow_monitoring", "task-id": "echo", "execution-date": "2021-02-13T16:52:36+00:00"}
[2021-02-13 16:52:52,156] {bash_operator.py:137} INFO - Temporary script location: /tmp/airflowtmpjnjb91q5/echom4cdgocj@-@{"workflow": "airflow_monitoring", "task-id": "echo", "execution-date": "2021-02-13T16:52:36+00:00"}@-@{"workflow": "airflow_monitoring", "task-id": "echo", "execution-date": "2021-02-13T16:52:36+00:00"}
[2021-02-13 16:52:52,156] {bash_operator.py:147} INFO - Running command: echo test@-@{"workflow": "airflow_monitoring", "task-id": "echo", "execution-date": "2021-02-13T16:52:36+00:00"}@-@{"workflow": "airflow_monitoring", "task-id": "echo", "execution-date": "2021-02-13T16:52:36+00:00"}
[2021-02-13 16:52:52,303] {bash_operator.py:154} INFO - Output:@-@{"workflow": "airflow_monitoring", "task-id": "echo", "execution-date": "2021-02-13T16:52:36+00:00"}@-@{"workflow": "airflow_monitoring", "task-id": "echo", "execution-date": "2021-02-13T16:52:36+00:00"}
[2021-02-13 16:52:52,305] {bash_operator.py:158} INFO - test@-@{"workflow": "airflow_monitoring", "task-id": "echo", "execution-date": "2021-02-13T16:52:36+00:00"}@-@{"workflow": "airflow_monitoring", "task-id": "echo", "execution-date": "2021-02-13T16:52:36+00:00"}
[2021-02-13 16:52:52,306] {bash_operator.py:162} INFO - Command exited with return code 0@-@{"workflow": "airflow_monitoring", "task-id": "echo", "execution-date": "2021-02-13T16:52:36+00:00"}@-@{"workflow": "airflow_monitoring", "task-id": "echo", "execution-date": "2021-02-13T16:52:36+00:00"}
[2021-02-13 16:52:52,351] {taskinstance.py:1071} INFO - Marking task as SUCCESS.dag_id=airflow_monitoring, task_id=echo, execution_date=20210213T165236, start_date=20210213T165251, end_date=20210213T165252@-@{"workflow": "airflow_monitoring", "task-id": "echo", "execution-date": "2021-02-13T16:52:36+00:00"}
[2021-02-13 16:52:56,240] {local_task_job.py:102} INFO - Task exited with return code 0@-@{"workflow": "airflow_monitoring", "task-id": "echo", "execution-date": "2021-02-13T16:52:36+00:00"}
