[2021-02-13 15:20:54,511] {taskinstance.py:671} INFO - Dependencies all met for <TaskInstance: airflow_monitoring.echo 2021-02-13T15:20:25+00:00 [queued]>@-@{"workflow": "airflow_monitoring", "task-id": "echo", "execution-date": "2021-02-13T15:20:25+00:00"}
[2021-02-13 15:20:54,768] {taskinstance.py:671} INFO - Dependencies all met for <TaskInstance: airflow_monitoring.echo 2021-02-13T15:20:25+00:00 [queued]>@-@{"workflow": "airflow_monitoring", "task-id": "echo", "execution-date": "2021-02-13T15:20:25+00:00"}
[2021-02-13 15:20:54,777] {taskinstance.py:881} INFO - 
--------------------------------------------------------------------------------@-@{"workflow": "airflow_monitoring", "task-id": "echo", "execution-date": "2021-02-13T15:20:25+00:00"}
[2021-02-13 15:20:54,781] {taskinstance.py:882} INFO - Starting attempt 1 of 2@-@{"workflow": "airflow_monitoring", "task-id": "echo", "execution-date": "2021-02-13T15:20:25+00:00"}
[2021-02-13 15:20:54,785] {taskinstance.py:883} INFO - 
--------------------------------------------------------------------------------@-@{"workflow": "airflow_monitoring", "task-id": "echo", "execution-date": "2021-02-13T15:20:25+00:00"}
[2021-02-13 15:20:54,873] {taskinstance.py:902} INFO - Executing <Task(BashOperator): echo> on 2021-02-13T15:20:25+00:00@-@{"workflow": "airflow_monitoring", "task-id": "echo", "execution-date": "2021-02-13T15:20:25+00:00"}
[2021-02-13 15:20:54,924] {standard_task_runner.py:54} INFO - Started process 298 to run task@-@{"workflow": "airflow_monitoring", "task-id": "echo", "execution-date": "2021-02-13T15:20:25+00:00"}
[2021-02-13 15:20:55,459] {standard_task_runner.py:77} INFO - Running: ['airflow', 'run', 'airflow_monitoring', 'echo', '2021-02-13T15:20:25+00:00', '--job_id', '7', '--pool', 'default_pool', '--raw', '-sd', 'DAGS_FOLDER/airflow_monitoring.py', '--cfg_path', '/tmp/tmpmfb22dkr']@-@{"workflow": "airflow_monitoring", "task-id": "echo", "execution-date": "2021-02-13T15:20:25+00:00"}
[2021-02-13 15:20:55,464] {standard_task_runner.py:78} INFO - Job 7: Subtask echo@-@{"workflow": "airflow_monitoring", "task-id": "echo", "execution-date": "2021-02-13T15:20:25+00:00"}
[2021-02-13 15:20:57,154] {logging_mixin.py:112} INFO - Running <TaskInstance: airflow_monitoring.echo 2021-02-13T15:20:25+00:00 [running]> on host airflow-worker-6b9fdcd657-rm6pw@-@{"workflow": "airflow_monitoring", "task-id": "echo", "execution-date": "2021-02-13T15:20:25+00:00"}
[2021-02-13 15:20:57,352] {bash_operator.py:114} INFO - Tmp dir root location: 
 /tmp@-@{"workflow": "airflow_monitoring", "task-id": "echo", "execution-date": "2021-02-13T15:20:25+00:00"}@-@{"workflow": "airflow_monitoring", "task-id": "echo", "execution-date": "2021-02-13T15:20:25+00:00"}
[2021-02-13 15:20:57,354] {bash_operator.py:137} INFO - Temporary script location: /tmp/airflowtmprcub4i5n/echogxnbxa4j@-@{"workflow": "airflow_monitoring", "task-id": "echo", "execution-date": "2021-02-13T15:20:25+00:00"}@-@{"workflow": "airflow_monitoring", "task-id": "echo", "execution-date": "2021-02-13T15:20:25+00:00"}
[2021-02-13 15:20:57,355] {bash_operator.py:147} INFO - Running command: echo test@-@{"workflow": "airflow_monitoring", "task-id": "echo", "execution-date": "2021-02-13T15:20:25+00:00"}@-@{"workflow": "airflow_monitoring", "task-id": "echo", "execution-date": "2021-02-13T15:20:25+00:00"}
[2021-02-13 15:20:57,554] {bash_operator.py:154} INFO - Output:@-@{"workflow": "airflow_monitoring", "task-id": "echo", "execution-date": "2021-02-13T15:20:25+00:00"}@-@{"workflow": "airflow_monitoring", "task-id": "echo", "execution-date": "2021-02-13T15:20:25+00:00"}
[2021-02-13 15:20:57,588] {bash_operator.py:158} INFO - test@-@{"workflow": "airflow_monitoring", "task-id": "echo", "execution-date": "2021-02-13T15:20:25+00:00"}@-@{"workflow": "airflow_monitoring", "task-id": "echo", "execution-date": "2021-02-13T15:20:25+00:00"}
[2021-02-13 15:20:57,596] {bash_operator.py:162} INFO - Command exited with return code 0@-@{"workflow": "airflow_monitoring", "task-id": "echo", "execution-date": "2021-02-13T15:20:25+00:00"}@-@{"workflow": "airflow_monitoring", "task-id": "echo", "execution-date": "2021-02-13T15:20:25+00:00"}
[2021-02-13 15:20:57,745] {taskinstance.py:1071} INFO - Marking task as SUCCESS.dag_id=airflow_monitoring, task_id=echo, execution_date=20210213T152025, start_date=20210213T152054, end_date=20210213T152057@-@{"workflow": "airflow_monitoring", "task-id": "echo", "execution-date": "2021-02-13T15:20:25+00:00"}
[2021-02-13 15:20:58,038] {taskinstance.py:956} ERROR - Received SIGTERM. Terminating subprocesses.@-@{"workflow": "airflow_monitoring", "task-id": "echo", "execution-date": "2021-02-13T15:20:25+00:00"}
