[2021-02-13 16:24:18,931] {taskinstance.py:671} INFO - Dependencies all met for <TaskInstance: airflow_monitoring.echo 2021-02-13T16:24:05+00:00 [queued]>@-@{"workflow": "airflow_monitoring", "task-id": "echo", "execution-date": "2021-02-13T16:24:05+00:00"}
[2021-02-13 16:24:19,000] {taskinstance.py:671} INFO - Dependencies all met for <TaskInstance: airflow_monitoring.echo 2021-02-13T16:24:05+00:00 [queued]>@-@{"workflow": "airflow_monitoring", "task-id": "echo", "execution-date": "2021-02-13T16:24:05+00:00"}
[2021-02-13 16:24:19,000] {taskinstance.py:881} INFO - 
--------------------------------------------------------------------------------@-@{"workflow": "airflow_monitoring", "task-id": "echo", "execution-date": "2021-02-13T16:24:05+00:00"}
[2021-02-13 16:24:19,001] {taskinstance.py:882} INFO - Starting attempt 1 of 2@-@{"workflow": "airflow_monitoring", "task-id": "echo", "execution-date": "2021-02-13T16:24:05+00:00"}
[2021-02-13 16:24:19,001] {taskinstance.py:883} INFO - 
--------------------------------------------------------------------------------@-@{"workflow": "airflow_monitoring", "task-id": "echo", "execution-date": "2021-02-13T16:24:05+00:00"}
[2021-02-13 16:24:19,023] {taskinstance.py:902} INFO - Executing <Task(BashOperator): echo> on 2021-02-13T16:24:05+00:00@-@{"workflow": "airflow_monitoring", "task-id": "echo", "execution-date": "2021-02-13T16:24:05+00:00"}
[2021-02-13 16:24:19,025] {standard_task_runner.py:54} INFO - Started process 851 to run task@-@{"workflow": "airflow_monitoring", "task-id": "echo", "execution-date": "2021-02-13T16:24:05+00:00"}
[2021-02-13 16:24:19,083] {standard_task_runner.py:77} INFO - Running: ['airflow', 'run', 'airflow_monitoring', 'echo', '2021-02-13T16:24:05+00:00', '--job_id', '24', '--pool', 'default_pool', '--raw', '-sd', 'DAGS_FOLDER/airflow_monitoring.py', '--cfg_path', '/tmp/tmpztmkot66']@-@{"workflow": "airflow_monitoring", "task-id": "echo", "execution-date": "2021-02-13T16:24:05+00:00"}
[2021-02-13 16:24:19,085] {standard_task_runner.py:78} INFO - Job 24: Subtask echo@-@{"workflow": "airflow_monitoring", "task-id": "echo", "execution-date": "2021-02-13T16:24:05+00:00"}
[2021-02-13 16:24:19,539] {logging_mixin.py:112} INFO - Running <TaskInstance: airflow_monitoring.echo 2021-02-13T16:24:05+00:00 [running]> on host airflow-worker-6b9fdcd657-2zrhq@-@{"workflow": "airflow_monitoring", "task-id": "echo", "execution-date": "2021-02-13T16:24:05+00:00"}
[2021-02-13 16:24:19,615] {bash_operator.py:114} INFO - Tmp dir root location: 
 /tmp@-@{"workflow": "airflow_monitoring", "task-id": "echo", "execution-date": "2021-02-13T16:24:05+00:00"}@-@{"workflow": "airflow_monitoring", "task-id": "echo", "execution-date": "2021-02-13T16:24:05+00:00"}
[2021-02-13 16:24:19,617] {bash_operator.py:137} INFO - Temporary script location: /tmp/airflowtmpp3cy9koh/echo5my5308q@-@{"workflow": "airflow_monitoring", "task-id": "echo", "execution-date": "2021-02-13T16:24:05+00:00"}@-@{"workflow": "airflow_monitoring", "task-id": "echo", "execution-date": "2021-02-13T16:24:05+00:00"}
[2021-02-13 16:24:19,617] {bash_operator.py:147} INFO - Running command: echo test@-@{"workflow": "airflow_monitoring", "task-id": "echo", "execution-date": "2021-02-13T16:24:05+00:00"}@-@{"workflow": "airflow_monitoring", "task-id": "echo", "execution-date": "2021-02-13T16:24:05+00:00"}
[2021-02-13 16:24:19,780] {bash_operator.py:154} INFO - Output:@-@{"workflow": "airflow_monitoring", "task-id": "echo", "execution-date": "2021-02-13T16:24:05+00:00"}@-@{"workflow": "airflow_monitoring", "task-id": "echo", "execution-date": "2021-02-13T16:24:05+00:00"}
[2021-02-13 16:24:19,783] {bash_operator.py:158} INFO - test@-@{"workflow": "airflow_monitoring", "task-id": "echo", "execution-date": "2021-02-13T16:24:05+00:00"}@-@{"workflow": "airflow_monitoring", "task-id": "echo", "execution-date": "2021-02-13T16:24:05+00:00"}
[2021-02-13 16:24:19,784] {bash_operator.py:162} INFO - Command exited with return code 0@-@{"workflow": "airflow_monitoring", "task-id": "echo", "execution-date": "2021-02-13T16:24:05+00:00"}@-@{"workflow": "airflow_monitoring", "task-id": "echo", "execution-date": "2021-02-13T16:24:05+00:00"}
[2021-02-13 16:24:19,815] {taskinstance.py:1071} INFO - Marking task as SUCCESS.dag_id=airflow_monitoring, task_id=echo, execution_date=20210213T162405, start_date=20210213T162418, end_date=20210213T162419@-@{"workflow": "airflow_monitoring", "task-id": "echo", "execution-date": "2021-02-13T16:24:05+00:00"}
[2021-02-13 16:24:23,777] {local_task_job.py:102} INFO - Task exited with return code 0@-@{"workflow": "airflow_monitoring", "task-id": "echo", "execution-date": "2021-02-13T16:24:05+00:00"}
