[2021-02-13 16:12:58,098] {taskinstance.py:671} INFO - Dependencies all met for <TaskInstance: airflow_monitoring.echo 2021-02-13T16:12:28+00:00 [queued]>@-@{"workflow": "airflow_monitoring", "task-id": "echo", "execution-date": "2021-02-13T16:12:28+00:00"}
[2021-02-13 16:12:58,184] {taskinstance.py:671} INFO - Dependencies all met for <TaskInstance: airflow_monitoring.echo 2021-02-13T16:12:28+00:00 [queued]>@-@{"workflow": "airflow_monitoring", "task-id": "echo", "execution-date": "2021-02-13T16:12:28+00:00"}
[2021-02-13 16:12:58,184] {taskinstance.py:881} INFO - 
--------------------------------------------------------------------------------@-@{"workflow": "airflow_monitoring", "task-id": "echo", "execution-date": "2021-02-13T16:12:28+00:00"}
[2021-02-13 16:12:58,185] {taskinstance.py:882} INFO - Starting attempt 1 of 2@-@{"workflow": "airflow_monitoring", "task-id": "echo", "execution-date": "2021-02-13T16:12:28+00:00"}
[2021-02-13 16:12:58,185] {taskinstance.py:883} INFO - 
--------------------------------------------------------------------------------@-@{"workflow": "airflow_monitoring", "task-id": "echo", "execution-date": "2021-02-13T16:12:28+00:00"}
[2021-02-13 16:12:58,202] {taskinstance.py:902} INFO - Executing <Task(BashOperator): echo> on 2021-02-13T16:12:28+00:00@-@{"workflow": "airflow_monitoring", "task-id": "echo", "execution-date": "2021-02-13T16:12:28+00:00"}
[2021-02-13 16:12:58,205] {standard_task_runner.py:54} INFO - Started process 785 to run task@-@{"workflow": "airflow_monitoring", "task-id": "echo", "execution-date": "2021-02-13T16:12:28+00:00"}
[2021-02-13 16:12:58,327] {standard_task_runner.py:77} INFO - Running: ['airflow', 'run', 'airflow_monitoring', 'echo', '2021-02-13T16:12:28+00:00', '--job_id', '21', '--pool', 'default_pool', '--raw', '-sd', 'DAGS_FOLDER/airflow_monitoring.py', '--cfg_path', '/tmp/tmprwifwgct']@-@{"workflow": "airflow_monitoring", "task-id": "echo", "execution-date": "2021-02-13T16:12:28+00:00"}
[2021-02-13 16:12:58,330] {standard_task_runner.py:78} INFO - Job 21: Subtask echo@-@{"workflow": "airflow_monitoring", "task-id": "echo", "execution-date": "2021-02-13T16:12:28+00:00"}
[2021-02-13 16:12:58,724] {logging_mixin.py:112} INFO - Running <TaskInstance: airflow_monitoring.echo 2021-02-13T16:12:28+00:00 [running]> on host airflow-worker-6b9fdcd657-rm6pw@-@{"workflow": "airflow_monitoring", "task-id": "echo", "execution-date": "2021-02-13T16:12:28+00:00"}
[2021-02-13 16:12:58,786] {bash_operator.py:114} INFO - Tmp dir root location: 
 /tmp@-@{"workflow": "airflow_monitoring", "task-id": "echo", "execution-date": "2021-02-13T16:12:28+00:00"}@-@{"workflow": "airflow_monitoring", "task-id": "echo", "execution-date": "2021-02-13T16:12:28+00:00"}
[2021-02-13 16:12:58,787] {bash_operator.py:137} INFO - Temporary script location: /tmp/airflowtmpmp5tmf8z/echobfxc4kze@-@{"workflow": "airflow_monitoring", "task-id": "echo", "execution-date": "2021-02-13T16:12:28+00:00"}@-@{"workflow": "airflow_monitoring", "task-id": "echo", "execution-date": "2021-02-13T16:12:28+00:00"}
[2021-02-13 16:12:58,787] {bash_operator.py:147} INFO - Running command: echo test@-@{"workflow": "airflow_monitoring", "task-id": "echo", "execution-date": "2021-02-13T16:12:28+00:00"}@-@{"workflow": "airflow_monitoring", "task-id": "echo", "execution-date": "2021-02-13T16:12:28+00:00"}
[2021-02-13 16:12:58,934] {bash_operator.py:154} INFO - Output:@-@{"workflow": "airflow_monitoring", "task-id": "echo", "execution-date": "2021-02-13T16:12:28+00:00"}@-@{"workflow": "airflow_monitoring", "task-id": "echo", "execution-date": "2021-02-13T16:12:28+00:00"}
[2021-02-13 16:12:58,939] {bash_operator.py:158} INFO - test@-@{"workflow": "airflow_monitoring", "task-id": "echo", "execution-date": "2021-02-13T16:12:28+00:00"}@-@{"workflow": "airflow_monitoring", "task-id": "echo", "execution-date": "2021-02-13T16:12:28+00:00"}
[2021-02-13 16:12:58,941] {bash_operator.py:162} INFO - Command exited with return code 0@-@{"workflow": "airflow_monitoring", "task-id": "echo", "execution-date": "2021-02-13T16:12:28+00:00"}@-@{"workflow": "airflow_monitoring", "task-id": "echo", "execution-date": "2021-02-13T16:12:28+00:00"}
[2021-02-13 16:12:58,983] {taskinstance.py:1071} INFO - Marking task as SUCCESS.dag_id=airflow_monitoring, task_id=echo, execution_date=20210213T161228, start_date=20210213T161258, end_date=20210213T161258@-@{"workflow": "airflow_monitoring", "task-id": "echo", "execution-date": "2021-02-13T16:12:28+00:00"}
[2021-02-13 16:13:02,887] {local_task_job.py:102} INFO - Task exited with return code 0@-@{"workflow": "airflow_monitoring", "task-id": "echo", "execution-date": "2021-02-13T16:12:28+00:00"}
