[2021-02-13 15:43:51,606] {taskinstance.py:671} INFO - Dependencies all met for <TaskInstance: airflow_monitoring.echo 2021-02-13T15:43:30+00:00 [queued]>@-@{"workflow": "airflow_monitoring", "task-id": "echo", "execution-date": "2021-02-13T15:43:30+00:00"}
[2021-02-13 15:43:51,685] {taskinstance.py:671} INFO - Dependencies all met for <TaskInstance: airflow_monitoring.echo 2021-02-13T15:43:30+00:00 [queued]>@-@{"workflow": "airflow_monitoring", "task-id": "echo", "execution-date": "2021-02-13T15:43:30+00:00"}
[2021-02-13 15:43:51,685] {taskinstance.py:881} INFO - 
--------------------------------------------------------------------------------@-@{"workflow": "airflow_monitoring", "task-id": "echo", "execution-date": "2021-02-13T15:43:30+00:00"}
[2021-02-13 15:43:51,686] {taskinstance.py:882} INFO - Starting attempt 1 of 2@-@{"workflow": "airflow_monitoring", "task-id": "echo", "execution-date": "2021-02-13T15:43:30+00:00"}
[2021-02-13 15:43:51,686] {taskinstance.py:883} INFO - 
--------------------------------------------------------------------------------@-@{"workflow": "airflow_monitoring", "task-id": "echo", "execution-date": "2021-02-13T15:43:30+00:00"}
[2021-02-13 15:43:51,754] {taskinstance.py:902} INFO - Executing <Task(BashOperator): echo> on 2021-02-13T15:43:30+00:00@-@{"workflow": "airflow_monitoring", "task-id": "echo", "execution-date": "2021-02-13T15:43:30+00:00"}
[2021-02-13 15:43:51,757] {standard_task_runner.py:54} INFO - Started process 480 to run task@-@{"workflow": "airflow_monitoring", "task-id": "echo", "execution-date": "2021-02-13T15:43:30+00:00"}
[2021-02-13 15:43:51,819] {standard_task_runner.py:77} INFO - Running: ['airflow', 'run', 'airflow_monitoring', 'echo', '2021-02-13T15:43:30+00:00', '--job_id', '13', '--pool', 'default_pool', '--raw', '-sd', 'DAGS_FOLDER/airflow_monitoring.py', '--cfg_path', '/tmp/tmpfup1o_30']@-@{"workflow": "airflow_monitoring", "task-id": "echo", "execution-date": "2021-02-13T15:43:30+00:00"}
[2021-02-13 15:43:51,821] {standard_task_runner.py:78} INFO - Job 13: Subtask echo@-@{"workflow": "airflow_monitoring", "task-id": "echo", "execution-date": "2021-02-13T15:43:30+00:00"}
[2021-02-13 15:43:52,238] {logging_mixin.py:112} INFO - Running <TaskInstance: airflow_monitoring.echo 2021-02-13T15:43:30+00:00 [running]> on host airflow-worker-6b9fdcd657-mzqsg@-@{"workflow": "airflow_monitoring", "task-id": "echo", "execution-date": "2021-02-13T15:43:30+00:00"}
[2021-02-13 15:43:52,332] {bash_operator.py:114} INFO - Tmp dir root location: 
 /tmp@-@{"workflow": "airflow_monitoring", "task-id": "echo", "execution-date": "2021-02-13T15:43:30+00:00"}@-@{"workflow": "airflow_monitoring", "task-id": "echo", "execution-date": "2021-02-13T15:43:30+00:00"}
[2021-02-13 15:43:52,333] {bash_operator.py:137} INFO - Temporary script location: /tmp/airflowtmpjegjd1qc/echokk6wwt98@-@{"workflow": "airflow_monitoring", "task-id": "echo", "execution-date": "2021-02-13T15:43:30+00:00"}@-@{"workflow": "airflow_monitoring", "task-id": "echo", "execution-date": "2021-02-13T15:43:30+00:00"}
[2021-02-13 15:43:52,334] {bash_operator.py:147} INFO - Running command: echo test@-@{"workflow": "airflow_monitoring", "task-id": "echo", "execution-date": "2021-02-13T15:43:30+00:00"}@-@{"workflow": "airflow_monitoring", "task-id": "echo", "execution-date": "2021-02-13T15:43:30+00:00"}
[2021-02-13 15:43:52,798] {bash_operator.py:154} INFO - Output:@-@{"workflow": "airflow_monitoring", "task-id": "echo", "execution-date": "2021-02-13T15:43:30+00:00"}@-@{"workflow": "airflow_monitoring", "task-id": "echo", "execution-date": "2021-02-13T15:43:30+00:00"}
[2021-02-13 15:43:52,800] {bash_operator.py:158} INFO - test@-@{"workflow": "airflow_monitoring", "task-id": "echo", "execution-date": "2021-02-13T15:43:30+00:00"}@-@{"workflow": "airflow_monitoring", "task-id": "echo", "execution-date": "2021-02-13T15:43:30+00:00"}
[2021-02-13 15:43:52,801] {bash_operator.py:162} INFO - Command exited with return code 0@-@{"workflow": "airflow_monitoring", "task-id": "echo", "execution-date": "2021-02-13T15:43:30+00:00"}@-@{"workflow": "airflow_monitoring", "task-id": "echo", "execution-date": "2021-02-13T15:43:30+00:00"}
[2021-02-13 15:43:52,840] {taskinstance.py:1071} INFO - Marking task as SUCCESS.dag_id=airflow_monitoring, task_id=echo, execution_date=20210213T154330, start_date=20210213T154351, end_date=20210213T154352@-@{"workflow": "airflow_monitoring", "task-id": "echo", "execution-date": "2021-02-13T15:43:30+00:00"}
[2021-02-13 15:43:56,312] {local_task_job.py:102} INFO - Task exited with return code 0@-@{"workflow": "airflow_monitoring", "task-id": "echo", "execution-date": "2021-02-13T15:43:30+00:00"}
