[2021-02-13 15:03:26,641] {taskinstance.py:671} INFO - Dependencies all met for <TaskInstance: airflow_monitoring.echo 2021-02-13T15:03:13+00:00 [queued]>@-@{"workflow": "airflow_monitoring", "task-id": "echo", "execution-date": "2021-02-13T15:03:13+00:00"}
[2021-02-13 15:03:26,695] {taskinstance.py:671} INFO - Dependencies all met for <TaskInstance: airflow_monitoring.echo 2021-02-13T15:03:13+00:00 [queued]>@-@{"workflow": "airflow_monitoring", "task-id": "echo", "execution-date": "2021-02-13T15:03:13+00:00"}
[2021-02-13 15:03:26,696] {taskinstance.py:881} INFO - 
--------------------------------------------------------------------------------@-@{"workflow": "airflow_monitoring", "task-id": "echo", "execution-date": "2021-02-13T15:03:13+00:00"}
[2021-02-13 15:03:26,696] {taskinstance.py:882} INFO - Starting attempt 1 of 2@-@{"workflow": "airflow_monitoring", "task-id": "echo", "execution-date": "2021-02-13T15:03:13+00:00"}
[2021-02-13 15:03:26,696] {taskinstance.py:883} INFO - 
--------------------------------------------------------------------------------@-@{"workflow": "airflow_monitoring", "task-id": "echo", "execution-date": "2021-02-13T15:03:13+00:00"}
[2021-02-13 15:03:26,737] {taskinstance.py:902} INFO - Executing <Task(BashOperator): echo> on 2021-02-13T15:03:13+00:00@-@{"workflow": "airflow_monitoring", "task-id": "echo", "execution-date": "2021-02-13T15:03:13+00:00"}
[2021-02-13 15:03:26,740] {standard_task_runner.py:54} INFO - Started process 98 to run task@-@{"workflow": "airflow_monitoring", "task-id": "echo", "execution-date": "2021-02-13T15:03:13+00:00"}
[2021-02-13 15:03:26,798] {standard_task_runner.py:77} INFO - Running: ['airflow', 'run', 'airflow_monitoring', 'echo', '2021-02-13T15:03:13+00:00', '--job_id', '2', '--pool', 'default_pool', '--raw', '-sd', 'DAGS_FOLDER/airflow_monitoring.py', '--cfg_path', '/tmp/tmp20wh9gwy']@-@{"workflow": "airflow_monitoring", "task-id": "echo", "execution-date": "2021-02-13T15:03:13+00:00"}
[2021-02-13 15:03:26,799] {standard_task_runner.py:78} INFO - Job 2: Subtask echo@-@{"workflow": "airflow_monitoring", "task-id": "echo", "execution-date": "2021-02-13T15:03:13+00:00"}
[2021-02-13 15:03:27,232] {logging_mixin.py:112} INFO - Running <TaskInstance: airflow_monitoring.echo 2021-02-13T15:03:13+00:00 [running]> on host airflow-worker-6b9fdcd657-2zrhq@-@{"workflow": "airflow_monitoring", "task-id": "echo", "execution-date": "2021-02-13T15:03:13+00:00"}
[2021-02-13 15:03:27,327] {bash_operator.py:114} INFO - Tmp dir root location: 
 /tmp@-@{"workflow": "airflow_monitoring", "task-id": "echo", "execution-date": "2021-02-13T15:03:13+00:00"}@-@{"workflow": "airflow_monitoring", "task-id": "echo", "execution-date": "2021-02-13T15:03:13+00:00"}
[2021-02-13 15:03:27,330] {bash_operator.py:137} INFO - Temporary script location: /tmp/airflowtmpvuec6t4t/echopg9wifqv@-@{"workflow": "airflow_monitoring", "task-id": "echo", "execution-date": "2021-02-13T15:03:13+00:00"}@-@{"workflow": "airflow_monitoring", "task-id": "echo", "execution-date": "2021-02-13T15:03:13+00:00"}
[2021-02-13 15:03:27,330] {bash_operator.py:147} INFO - Running command: echo test@-@{"workflow": "airflow_monitoring", "task-id": "echo", "execution-date": "2021-02-13T15:03:13+00:00"}@-@{"workflow": "airflow_monitoring", "task-id": "echo", "execution-date": "2021-02-13T15:03:13+00:00"}
[2021-02-13 15:03:27,491] {bash_operator.py:154} INFO - Output:@-@{"workflow": "airflow_monitoring", "task-id": "echo", "execution-date": "2021-02-13T15:03:13+00:00"}@-@{"workflow": "airflow_monitoring", "task-id": "echo", "execution-date": "2021-02-13T15:03:13+00:00"}
[2021-02-13 15:03:27,493] {bash_operator.py:158} INFO - test@-@{"workflow": "airflow_monitoring", "task-id": "echo", "execution-date": "2021-02-13T15:03:13+00:00"}@-@{"workflow": "airflow_monitoring", "task-id": "echo", "execution-date": "2021-02-13T15:03:13+00:00"}
[2021-02-13 15:03:27,495] {bash_operator.py:162} INFO - Command exited with return code 0@-@{"workflow": "airflow_monitoring", "task-id": "echo", "execution-date": "2021-02-13T15:03:13+00:00"}@-@{"workflow": "airflow_monitoring", "task-id": "echo", "execution-date": "2021-02-13T15:03:13+00:00"}
[2021-02-13 15:03:27,538] {taskinstance.py:1071} INFO - Marking task as SUCCESS.dag_id=airflow_monitoring, task_id=echo, execution_date=20210213T150313, start_date=20210213T150326, end_date=20210213T150327@-@{"workflow": "airflow_monitoring", "task-id": "echo", "execution-date": "2021-02-13T15:03:13+00:00"}
[2021-02-13 15:03:31,245] {local_task_job.py:102} INFO - Task exited with return code 0@-@{"workflow": "airflow_monitoring", "task-id": "echo", "execution-date": "2021-02-13T15:03:13+00:00"}
