[2021-02-13 15:38:11,042] {taskinstance.py:671} INFO - Dependencies all met for <TaskInstance: airflow_monitoring.echo 2021-02-13T15:37:49+00:00 [queued]>@-@{"workflow": "airflow_monitoring", "task-id": "echo", "execution-date": "2021-02-13T15:37:49+00:00"}
[2021-02-13 15:38:11,263] {taskinstance.py:671} INFO - Dependencies all met for <TaskInstance: airflow_monitoring.echo 2021-02-13T15:37:49+00:00 [queued]>@-@{"workflow": "airflow_monitoring", "task-id": "echo", "execution-date": "2021-02-13T15:37:49+00:00"}
[2021-02-13 15:38:11,278] {taskinstance.py:881} INFO - 
--------------------------------------------------------------------------------@-@{"workflow": "airflow_monitoring", "task-id": "echo", "execution-date": "2021-02-13T15:37:49+00:00"}
[2021-02-13 15:38:11,285] {taskinstance.py:882} INFO - Starting attempt 1 of 2@-@{"workflow": "airflow_monitoring", "task-id": "echo", "execution-date": "2021-02-13T15:37:49+00:00"}
[2021-02-13 15:38:11,289] {taskinstance.py:883} INFO - 
--------------------------------------------------------------------------------@-@{"workflow": "airflow_monitoring", "task-id": "echo", "execution-date": "2021-02-13T15:37:49+00:00"}
[2021-02-13 15:38:11,395] {taskinstance.py:902} INFO - Executing <Task(BashOperator): echo> on 2021-02-13T15:37:49+00:00@-@{"workflow": "airflow_monitoring", "task-id": "echo", "execution-date": "2021-02-13T15:37:49+00:00"}
[2021-02-13 15:38:11,442] {standard_task_runner.py:54} INFO - Started process 458 to run task@-@{"workflow": "airflow_monitoring", "task-id": "echo", "execution-date": "2021-02-13T15:37:49+00:00"}
[2021-02-13 15:38:12,306] {standard_task_runner.py:77} INFO - Running: ['airflow', 'run', 'airflow_monitoring', 'echo', '2021-02-13T15:37:49+00:00', '--job_id', '11', '--pool', 'default_pool', '--raw', '-sd', 'DAGS_FOLDER/airflow_monitoring.py', '--cfg_path', '/tmp/tmpe810624m']@-@{"workflow": "airflow_monitoring", "task-id": "echo", "execution-date": "2021-02-13T15:37:49+00:00"}
[2021-02-13 15:38:12,340] {standard_task_runner.py:78} INFO - Job 11: Subtask echo@-@{"workflow": "airflow_monitoring", "task-id": "echo", "execution-date": "2021-02-13T15:37:49+00:00"}
[2021-02-13 15:38:13,455] {logging_mixin.py:112} INFO - Running <TaskInstance: airflow_monitoring.echo 2021-02-13T15:37:49+00:00 [running]> on host airflow-worker-6b9fdcd657-rm6pw@-@{"workflow": "airflow_monitoring", "task-id": "echo", "execution-date": "2021-02-13T15:37:49+00:00"}
[2021-02-13 15:38:13,759] {bash_operator.py:114} INFO - Tmp dir root location: 
 /tmp@-@{"workflow": "airflow_monitoring", "task-id": "echo", "execution-date": "2021-02-13T15:37:49+00:00"}@-@{"workflow": "airflow_monitoring", "task-id": "echo", "execution-date": "2021-02-13T15:37:49+00:00"}
[2021-02-13 15:38:13,792] {bash_operator.py:137} INFO - Temporary script location: /tmp/airflowtmp5kslnmji/echotn3kutmk@-@{"workflow": "airflow_monitoring", "task-id": "echo", "execution-date": "2021-02-13T15:37:49+00:00"}@-@{"workflow": "airflow_monitoring", "task-id": "echo", "execution-date": "2021-02-13T15:37:49+00:00"}
[2021-02-13 15:38:13,803] {bash_operator.py:147} INFO - Running command: echo test@-@{"workflow": "airflow_monitoring", "task-id": "echo", "execution-date": "2021-02-13T15:37:49+00:00"}@-@{"workflow": "airflow_monitoring", "task-id": "echo", "execution-date": "2021-02-13T15:37:49+00:00"}
[2021-02-13 15:38:14,014] {bash_operator.py:154} INFO - Output:@-@{"workflow": "airflow_monitoring", "task-id": "echo", "execution-date": "2021-02-13T15:37:49+00:00"}@-@{"workflow": "airflow_monitoring", "task-id": "echo", "execution-date": "2021-02-13T15:37:49+00:00"}
[2021-02-13 15:38:14,020] {bash_operator.py:158} INFO - test@-@{"workflow": "airflow_monitoring", "task-id": "echo", "execution-date": "2021-02-13T15:37:49+00:00"}@-@{"workflow": "airflow_monitoring", "task-id": "echo", "execution-date": "2021-02-13T15:37:49+00:00"}
[2021-02-13 15:38:14,022] {bash_operator.py:162} INFO - Command exited with return code 0@-@{"workflow": "airflow_monitoring", "task-id": "echo", "execution-date": "2021-02-13T15:37:49+00:00"}@-@{"workflow": "airflow_monitoring", "task-id": "echo", "execution-date": "2021-02-13T15:37:49+00:00"}
[2021-02-13 15:38:14,063] {taskinstance.py:1071} INFO - Marking task as SUCCESS.dag_id=airflow_monitoring, task_id=echo, execution_date=20210213T153749, start_date=20210213T153811, end_date=20210213T153814@-@{"workflow": "airflow_monitoring", "task-id": "echo", "execution-date": "2021-02-13T15:37:49+00:00"}
[2021-02-13 15:38:15,859] {local_task_job.py:102} INFO - Task exited with return code 0@-@{"workflow": "airflow_monitoring", "task-id": "echo", "execution-date": "2021-02-13T15:37:49+00:00"}
