[2021-02-13 15:26:29,521] {taskinstance.py:671} INFO - Dependencies all met for <TaskInstance: airflow_monitoring.echo 2021-02-13T15:26:18+00:00 [queued]>@-@{"workflow": "airflow_monitoring", "task-id": "echo", "execution-date": "2021-02-13T15:26:18+00:00"}
[2021-02-13 15:26:29,575] {taskinstance.py:671} INFO - Dependencies all met for <TaskInstance: airflow_monitoring.echo 2021-02-13T15:26:18+00:00 [queued]>@-@{"workflow": "airflow_monitoring", "task-id": "echo", "execution-date": "2021-02-13T15:26:18+00:00"}
[2021-02-13 15:26:29,576] {taskinstance.py:881} INFO - 
--------------------------------------------------------------------------------@-@{"workflow": "airflow_monitoring", "task-id": "echo", "execution-date": "2021-02-13T15:26:18+00:00"}
[2021-02-13 15:26:29,576] {taskinstance.py:882} INFO - Starting attempt 1 of 2@-@{"workflow": "airflow_monitoring", "task-id": "echo", "execution-date": "2021-02-13T15:26:18+00:00"}
[2021-02-13 15:26:29,576] {taskinstance.py:883} INFO - 
--------------------------------------------------------------------------------@-@{"workflow": "airflow_monitoring", "task-id": "echo", "execution-date": "2021-02-13T15:26:18+00:00"}
[2021-02-13 15:26:29,625] {taskinstance.py:902} INFO - Executing <Task(BashOperator): echo> on 2021-02-13T15:26:18+00:00@-@{"workflow": "airflow_monitoring", "task-id": "echo", "execution-date": "2021-02-13T15:26:18+00:00"}
[2021-02-13 15:26:29,628] {standard_task_runner.py:54} INFO - Started process 312 to run task@-@{"workflow": "airflow_monitoring", "task-id": "echo", "execution-date": "2021-02-13T15:26:18+00:00"}
[2021-02-13 15:26:29,685] {standard_task_runner.py:77} INFO - Running: ['airflow', 'run', 'airflow_monitoring', 'echo', '2021-02-13T15:26:18+00:00', '--job_id', '8', '--pool', 'default_pool', '--raw', '-sd', 'DAGS_FOLDER/airflow_monitoring.py', '--cfg_path', '/tmp/tmpurio0t8n']@-@{"workflow": "airflow_monitoring", "task-id": "echo", "execution-date": "2021-02-13T15:26:18+00:00"}
[2021-02-13 15:26:29,687] {standard_task_runner.py:78} INFO - Job 8: Subtask echo@-@{"workflow": "airflow_monitoring", "task-id": "echo", "execution-date": "2021-02-13T15:26:18+00:00"}
[2021-02-13 15:26:30,188] {logging_mixin.py:112} INFO - Running <TaskInstance: airflow_monitoring.echo 2021-02-13T15:26:18+00:00 [running]> on host airflow-worker-6b9fdcd657-mzqsg@-@{"workflow": "airflow_monitoring", "task-id": "echo", "execution-date": "2021-02-13T15:26:18+00:00"}
[2021-02-13 15:26:30,343] {bash_operator.py:114} INFO - Tmp dir root location: 
 /tmp@-@{"workflow": "airflow_monitoring", "task-id": "echo", "execution-date": "2021-02-13T15:26:18+00:00"}@-@{"workflow": "airflow_monitoring", "task-id": "echo", "execution-date": "2021-02-13T15:26:18+00:00"}
[2021-02-13 15:26:30,344] {bash_operator.py:137} INFO - Temporary script location: /tmp/airflowtmp31lrbwue/echohwh5qnkj@-@{"workflow": "airflow_monitoring", "task-id": "echo", "execution-date": "2021-02-13T15:26:18+00:00"}@-@{"workflow": "airflow_monitoring", "task-id": "echo", "execution-date": "2021-02-13T15:26:18+00:00"}
[2021-02-13 15:26:30,345] {bash_operator.py:147} INFO - Running command: echo test@-@{"workflow": "airflow_monitoring", "task-id": "echo", "execution-date": "2021-02-13T15:26:18+00:00"}@-@{"workflow": "airflow_monitoring", "task-id": "echo", "execution-date": "2021-02-13T15:26:18+00:00"}
[2021-02-13 15:26:30,524] {bash_operator.py:154} INFO - Output:@-@{"workflow": "airflow_monitoring", "task-id": "echo", "execution-date": "2021-02-13T15:26:18+00:00"}@-@{"workflow": "airflow_monitoring", "task-id": "echo", "execution-date": "2021-02-13T15:26:18+00:00"}
[2021-02-13 15:26:30,526] {bash_operator.py:158} INFO - test@-@{"workflow": "airflow_monitoring", "task-id": "echo", "execution-date": "2021-02-13T15:26:18+00:00"}@-@{"workflow": "airflow_monitoring", "task-id": "echo", "execution-date": "2021-02-13T15:26:18+00:00"}
[2021-02-13 15:26:30,527] {bash_operator.py:162} INFO - Command exited with return code 0@-@{"workflow": "airflow_monitoring", "task-id": "echo", "execution-date": "2021-02-13T15:26:18+00:00"}@-@{"workflow": "airflow_monitoring", "task-id": "echo", "execution-date": "2021-02-13T15:26:18+00:00"}
[2021-02-13 15:26:30,571] {taskinstance.py:1071} INFO - Marking task as SUCCESS.dag_id=airflow_monitoring, task_id=echo, execution_date=20210213T152618, start_date=20210213T152629, end_date=20210213T152630@-@{"workflow": "airflow_monitoring", "task-id": "echo", "execution-date": "2021-02-13T15:26:18+00:00"}
[2021-02-13 15:26:34,253] {local_task_job.py:102} INFO - Task exited with return code 0@-@{"workflow": "airflow_monitoring", "task-id": "echo", "execution-date": "2021-02-13T15:26:18+00:00"}
