[2021-02-13 15:15:02,876] {taskinstance.py:671} INFO - Dependencies all met for <TaskInstance: airflow_monitoring.echo 2021-02-13T15:14:40+00:00 [queued]>@-@{"workflow": "airflow_monitoring", "task-id": "echo", "execution-date": "2021-02-13T15:14:40+00:00"}
[2021-02-13 15:15:03,119] {taskinstance.py:671} INFO - Dependencies all met for <TaskInstance: airflow_monitoring.echo 2021-02-13T15:14:40+00:00 [queued]>@-@{"workflow": "airflow_monitoring", "task-id": "echo", "execution-date": "2021-02-13T15:14:40+00:00"}
[2021-02-13 15:15:03,124] {taskinstance.py:881} INFO - 
--------------------------------------------------------------------------------@-@{"workflow": "airflow_monitoring", "task-id": "echo", "execution-date": "2021-02-13T15:14:40+00:00"}
[2021-02-13 15:15:03,127] {taskinstance.py:882} INFO - Starting attempt 1 of 2@-@{"workflow": "airflow_monitoring", "task-id": "echo", "execution-date": "2021-02-13T15:14:40+00:00"}
[2021-02-13 15:15:03,128] {taskinstance.py:883} INFO - 
--------------------------------------------------------------------------------@-@{"workflow": "airflow_monitoring", "task-id": "echo", "execution-date": "2021-02-13T15:14:40+00:00"}
[2021-02-13 15:15:03,171] {taskinstance.py:902} INFO - Executing <Task(BashOperator): echo> on 2021-02-13T15:14:40+00:00@-@{"workflow": "airflow_monitoring", "task-id": "echo", "execution-date": "2021-02-13T15:14:40+00:00"}
[2021-02-13 15:15:03,175] {standard_task_runner.py:54} INFO - Started process 238 to run task@-@{"workflow": "airflow_monitoring", "task-id": "echo", "execution-date": "2021-02-13T15:14:40+00:00"}
[2021-02-13 15:15:03,263] {standard_task_runner.py:77} INFO - Running: ['airflow', 'run', 'airflow_monitoring', 'echo', '2021-02-13T15:14:40+00:00', '--job_id', '5', '--pool', 'default_pool', '--raw', '-sd', 'DAGS_FOLDER/airflow_monitoring.py', '--cfg_path', '/tmp/tmppa0kl3gf']@-@{"workflow": "airflow_monitoring", "task-id": "echo", "execution-date": "2021-02-13T15:14:40+00:00"}
[2021-02-13 15:15:03,265] {standard_task_runner.py:78} INFO - Job 5: Subtask echo@-@{"workflow": "airflow_monitoring", "task-id": "echo", "execution-date": "2021-02-13T15:14:40+00:00"}
[2021-02-13 15:15:03,885] {logging_mixin.py:112} INFO - Running <TaskInstance: airflow_monitoring.echo 2021-02-13T15:14:40+00:00 [running]> on host airflow-worker-6b9fdcd657-rm6pw@-@{"workflow": "airflow_monitoring", "task-id": "echo", "execution-date": "2021-02-13T15:14:40+00:00"}
[2021-02-13 15:15:04,167] {bash_operator.py:114} INFO - Tmp dir root location: 
 /tmp@-@{"workflow": "airflow_monitoring", "task-id": "echo", "execution-date": "2021-02-13T15:14:40+00:00"}@-@{"workflow": "airflow_monitoring", "task-id": "echo", "execution-date": "2021-02-13T15:14:40+00:00"}
[2021-02-13 15:15:04,174] {bash_operator.py:137} INFO - Temporary script location: /tmp/airflowtmp_vz99eks/echoogxsl5v8@-@{"workflow": "airflow_monitoring", "task-id": "echo", "execution-date": "2021-02-13T15:14:40+00:00"}@-@{"workflow": "airflow_monitoring", "task-id": "echo", "execution-date": "2021-02-13T15:14:40+00:00"}
[2021-02-13 15:15:04,177] {bash_operator.py:147} INFO - Running command: echo test@-@{"workflow": "airflow_monitoring", "task-id": "echo", "execution-date": "2021-02-13T15:14:40+00:00"}@-@{"workflow": "airflow_monitoring", "task-id": "echo", "execution-date": "2021-02-13T15:14:40+00:00"}
[2021-02-13 15:15:04,400] {bash_operator.py:154} INFO - Output:@-@{"workflow": "airflow_monitoring", "task-id": "echo", "execution-date": "2021-02-13T15:14:40+00:00"}@-@{"workflow": "airflow_monitoring", "task-id": "echo", "execution-date": "2021-02-13T15:14:40+00:00"}
[2021-02-13 15:15:04,461] {bash_operator.py:158} INFO - test@-@{"workflow": "airflow_monitoring", "task-id": "echo", "execution-date": "2021-02-13T15:14:40+00:00"}@-@{"workflow": "airflow_monitoring", "task-id": "echo", "execution-date": "2021-02-13T15:14:40+00:00"}
[2021-02-13 15:15:04,471] {bash_operator.py:162} INFO - Command exited with return code 0@-@{"workflow": "airflow_monitoring", "task-id": "echo", "execution-date": "2021-02-13T15:14:40+00:00"}@-@{"workflow": "airflow_monitoring", "task-id": "echo", "execution-date": "2021-02-13T15:14:40+00:00"}
[2021-02-13 15:15:04,634] {taskinstance.py:1071} INFO - Marking task as SUCCESS.dag_id=airflow_monitoring, task_id=echo, execution_date=20210213T151440, start_date=20210213T151502, end_date=20210213T151504@-@{"workflow": "airflow_monitoring", "task-id": "echo", "execution-date": "2021-02-13T15:14:40+00:00"}
[2021-02-13 15:15:07,525] {local_task_job.py:102} INFO - Task exited with return code 0@-@{"workflow": "airflow_monitoring", "task-id": "echo", "execution-date": "2021-02-13T15:14:40+00:00"}
