[2021-02-13 15:55:25,322] {taskinstance.py:671} INFO - Dependencies all met for <TaskInstance: airflow_monitoring.echo 2021-02-13T15:55:03+00:00 [queued]>@-@{"workflow": "airflow_monitoring", "task-id": "echo", "execution-date": "2021-02-13T15:55:03+00:00"}
[2021-02-13 15:55:25,390] {taskinstance.py:671} INFO - Dependencies all met for <TaskInstance: airflow_monitoring.echo 2021-02-13T15:55:03+00:00 [queued]>@-@{"workflow": "airflow_monitoring", "task-id": "echo", "execution-date": "2021-02-13T15:55:03+00:00"}
[2021-02-13 15:55:25,399] {taskinstance.py:881} INFO - 
--------------------------------------------------------------------------------@-@{"workflow": "airflow_monitoring", "task-id": "echo", "execution-date": "2021-02-13T15:55:03+00:00"}
[2021-02-13 15:55:25,404] {taskinstance.py:882} INFO - Starting attempt 1 of 2@-@{"workflow": "airflow_monitoring", "task-id": "echo", "execution-date": "2021-02-13T15:55:03+00:00"}
[2021-02-13 15:55:25,413] {taskinstance.py:883} INFO - 
--------------------------------------------------------------------------------@-@{"workflow": "airflow_monitoring", "task-id": "echo", "execution-date": "2021-02-13T15:55:03+00:00"}
[2021-02-13 15:55:25,648] {taskinstance.py:902} INFO - Executing <Task(BashOperator): echo> on 2021-02-13T15:55:03+00:00@-@{"workflow": "airflow_monitoring", "task-id": "echo", "execution-date": "2021-02-13T15:55:03+00:00"}
[2021-02-13 15:55:25,689] {standard_task_runner.py:54} INFO - Started process 617 to run task@-@{"workflow": "airflow_monitoring", "task-id": "echo", "execution-date": "2021-02-13T15:55:03+00:00"}
[2021-02-13 15:55:27,092] {standard_task_runner.py:77} INFO - Running: ['airflow', 'run', 'airflow_monitoring', 'echo', '2021-02-13T15:55:03+00:00', '--job_id', '16', '--pool', 'default_pool', '--raw', '-sd', 'DAGS_FOLDER/airflow_monitoring.py', '--cfg_path', '/tmp/tmptyowlzz1']@-@{"workflow": "airflow_monitoring", "task-id": "echo", "execution-date": "2021-02-13T15:55:03+00:00"}
[2021-02-13 15:55:27,118] {standard_task_runner.py:78} INFO - Job 16: Subtask echo@-@{"workflow": "airflow_monitoring", "task-id": "echo", "execution-date": "2021-02-13T15:55:03+00:00"}
[2021-02-13 15:55:28,462] {logging_mixin.py:112} INFO - Running <TaskInstance: airflow_monitoring.echo 2021-02-13T15:55:03+00:00 [running]> on host airflow-worker-6b9fdcd657-rm6pw@-@{"workflow": "airflow_monitoring", "task-id": "echo", "execution-date": "2021-02-13T15:55:03+00:00"}
[2021-02-13 15:55:29,018] {bash_operator.py:114} INFO - Tmp dir root location: 
 /tmp@-@{"workflow": "airflow_monitoring", "task-id": "echo", "execution-date": "2021-02-13T15:55:03+00:00"}@-@{"workflow": "airflow_monitoring", "task-id": "echo", "execution-date": "2021-02-13T15:55:03+00:00"}
[2021-02-13 15:55:29,030] {bash_operator.py:137} INFO - Temporary script location: /tmp/airflowtmpu7wdhu07/echoj_77ff7g@-@{"workflow": "airflow_monitoring", "task-id": "echo", "execution-date": "2021-02-13T15:55:03+00:00"}@-@{"workflow": "airflow_monitoring", "task-id": "echo", "execution-date": "2021-02-13T15:55:03+00:00"}
[2021-02-13 15:55:29,034] {bash_operator.py:147} INFO - Running command: echo test@-@{"workflow": "airflow_monitoring", "task-id": "echo", "execution-date": "2021-02-13T15:55:03+00:00"}@-@{"workflow": "airflow_monitoring", "task-id": "echo", "execution-date": "2021-02-13T15:55:03+00:00"}
[2021-02-13 15:55:29,308] {bash_operator.py:154} INFO - Output:@-@{"workflow": "airflow_monitoring", "task-id": "echo", "execution-date": "2021-02-13T15:55:03+00:00"}@-@{"workflow": "airflow_monitoring", "task-id": "echo", "execution-date": "2021-02-13T15:55:03+00:00"}
[2021-02-13 15:55:29,383] {bash_operator.py:158} INFO - test@-@{"workflow": "airflow_monitoring", "task-id": "echo", "execution-date": "2021-02-13T15:55:03+00:00"}@-@{"workflow": "airflow_monitoring", "task-id": "echo", "execution-date": "2021-02-13T15:55:03+00:00"}
[2021-02-13 15:55:29,423] {bash_operator.py:162} INFO - Command exited with return code 0@-@{"workflow": "airflow_monitoring", "task-id": "echo", "execution-date": "2021-02-13T15:55:03+00:00"}@-@{"workflow": "airflow_monitoring", "task-id": "echo", "execution-date": "2021-02-13T15:55:03+00:00"}
[2021-02-13 15:55:29,720] {taskinstance.py:1071} INFO - Marking task as SUCCESS.dag_id=airflow_monitoring, task_id=echo, execution_date=20210213T155503, start_date=20210213T155525, end_date=20210213T155529@-@{"workflow": "airflow_monitoring", "task-id": "echo", "execution-date": "2021-02-13T15:55:03+00:00"}
[2021-02-13 15:55:30,512] {taskinstance.py:956} ERROR - Received SIGTERM. Terminating subprocesses.@-@{"workflow": "airflow_monitoring", "task-id": "echo", "execution-date": "2021-02-13T15:55:03+00:00"}
