[2021-02-13 15:49:34,388] {taskinstance.py:671} INFO - Dependencies all met for <TaskInstance: airflow_monitoring.echo 2021-02-13T15:49:13+00:00 [queued]>@-@{"workflow": "airflow_monitoring", "task-id": "echo", "execution-date": "2021-02-13T15:49:13+00:00"}
[2021-02-13 15:49:34,469] {taskinstance.py:671} INFO - Dependencies all met for <TaskInstance: airflow_monitoring.echo 2021-02-13T15:49:13+00:00 [queued]>@-@{"workflow": "airflow_monitoring", "task-id": "echo", "execution-date": "2021-02-13T15:49:13+00:00"}
[2021-02-13 15:49:34,470] {taskinstance.py:881} INFO - 
--------------------------------------------------------------------------------@-@{"workflow": "airflow_monitoring", "task-id": "echo", "execution-date": "2021-02-13T15:49:13+00:00"}
[2021-02-13 15:49:34,470] {taskinstance.py:882} INFO - Starting attempt 1 of 2@-@{"workflow": "airflow_monitoring", "task-id": "echo", "execution-date": "2021-02-13T15:49:13+00:00"}
[2021-02-13 15:49:34,471] {taskinstance.py:883} INFO - 
--------------------------------------------------------------------------------@-@{"workflow": "airflow_monitoring", "task-id": "echo", "execution-date": "2021-02-13T15:49:13+00:00"}
[2021-02-13 15:49:34,548] {taskinstance.py:902} INFO - Executing <Task(BashOperator): echo> on 2021-02-13T15:49:13+00:00@-@{"workflow": "airflow_monitoring", "task-id": "echo", "execution-date": "2021-02-13T15:49:13+00:00"}
[2021-02-13 15:49:34,550] {standard_task_runner.py:54} INFO - Started process 531 to run task@-@{"workflow": "airflow_monitoring", "task-id": "echo", "execution-date": "2021-02-13T15:49:13+00:00"}
[2021-02-13 15:49:34,608] {standard_task_runner.py:77} INFO - Running: ['airflow', 'run', 'airflow_monitoring', 'echo', '2021-02-13T15:49:13+00:00', '--job_id', '14', '--pool', 'default_pool', '--raw', '-sd', 'DAGS_FOLDER/airflow_monitoring.py', '--cfg_path', '/tmp/tmpohs8mprt']@-@{"workflow": "airflow_monitoring", "task-id": "echo", "execution-date": "2021-02-13T15:49:13+00:00"}
[2021-02-13 15:49:34,610] {standard_task_runner.py:78} INFO - Job 14: Subtask echo@-@{"workflow": "airflow_monitoring", "task-id": "echo", "execution-date": "2021-02-13T15:49:13+00:00"}
[2021-02-13 15:49:35,088] {logging_mixin.py:112} INFO - Running <TaskInstance: airflow_monitoring.echo 2021-02-13T15:49:13+00:00 [running]> on host airflow-worker-6b9fdcd657-mzqsg@-@{"workflow": "airflow_monitoring", "task-id": "echo", "execution-date": "2021-02-13T15:49:13+00:00"}
[2021-02-13 15:49:35,169] {bash_operator.py:114} INFO - Tmp dir root location: 
 /tmp@-@{"workflow": "airflow_monitoring", "task-id": "echo", "execution-date": "2021-02-13T15:49:13+00:00"}@-@{"workflow": "airflow_monitoring", "task-id": "echo", "execution-date": "2021-02-13T15:49:13+00:00"}
[2021-02-13 15:49:35,171] {bash_operator.py:137} INFO - Temporary script location: /tmp/airflowtmphx_71_ww/echo_o87u0ls@-@{"workflow": "airflow_monitoring", "task-id": "echo", "execution-date": "2021-02-13T15:49:13+00:00"}@-@{"workflow": "airflow_monitoring", "task-id": "echo", "execution-date": "2021-02-13T15:49:13+00:00"}
[2021-02-13 15:49:35,171] {bash_operator.py:147} INFO - Running command: echo test@-@{"workflow": "airflow_monitoring", "task-id": "echo", "execution-date": "2021-02-13T15:49:13+00:00"}@-@{"workflow": "airflow_monitoring", "task-id": "echo", "execution-date": "2021-02-13T15:49:13+00:00"}
[2021-02-13 15:49:35,310] {bash_operator.py:154} INFO - Output:@-@{"workflow": "airflow_monitoring", "task-id": "echo", "execution-date": "2021-02-13T15:49:13+00:00"}@-@{"workflow": "airflow_monitoring", "task-id": "echo", "execution-date": "2021-02-13T15:49:13+00:00"}
[2021-02-13 15:49:35,313] {bash_operator.py:158} INFO - test@-@{"workflow": "airflow_monitoring", "task-id": "echo", "execution-date": "2021-02-13T15:49:13+00:00"}@-@{"workflow": "airflow_monitoring", "task-id": "echo", "execution-date": "2021-02-13T15:49:13+00:00"}
[2021-02-13 15:49:35,313] {bash_operator.py:162} INFO - Command exited with return code 0@-@{"workflow": "airflow_monitoring", "task-id": "echo", "execution-date": "2021-02-13T15:49:13+00:00"}@-@{"workflow": "airflow_monitoring", "task-id": "echo", "execution-date": "2021-02-13T15:49:13+00:00"}
[2021-02-13 15:49:35,361] {taskinstance.py:1071} INFO - Marking task as SUCCESS.dag_id=airflow_monitoring, task_id=echo, execution_date=20210213T154913, start_date=20210213T154934, end_date=20210213T154935@-@{"workflow": "airflow_monitoring", "task-id": "echo", "execution-date": "2021-02-13T15:49:13+00:00"}
[2021-02-13 15:49:39,190] {local_task_job.py:102} INFO - Task exited with return code 0@-@{"workflow": "airflow_monitoring", "task-id": "echo", "execution-date": "2021-02-13T15:49:13+00:00"}
