[2021-02-13 15:09:19,717] {taskinstance.py:671} INFO - Dependencies all met for <TaskInstance: airflow_monitoring.echo 2021-02-13T15:08:55+00:00 [queued]>@-@{"workflow": "airflow_monitoring", "task-id": "echo", "execution-date": "2021-02-13T15:08:55+00:00"}
[2021-02-13 15:09:19,893] {taskinstance.py:671} INFO - Dependencies all met for <TaskInstance: airflow_monitoring.echo 2021-02-13T15:08:55+00:00 [queued]>@-@{"workflow": "airflow_monitoring", "task-id": "echo", "execution-date": "2021-02-13T15:08:55+00:00"}
[2021-02-13 15:09:19,896] {taskinstance.py:881} INFO - 
--------------------------------------------------------------------------------@-@{"workflow": "airflow_monitoring", "task-id": "echo", "execution-date": "2021-02-13T15:08:55+00:00"}
[2021-02-13 15:09:19,897] {taskinstance.py:882} INFO - Starting attempt 1 of 2@-@{"workflow": "airflow_monitoring", "task-id": "echo", "execution-date": "2021-02-13T15:08:55+00:00"}
[2021-02-13 15:09:19,899] {taskinstance.py:883} INFO - 
--------------------------------------------------------------------------------@-@{"workflow": "airflow_monitoring", "task-id": "echo", "execution-date": "2021-02-13T15:08:55+00:00"}
[2021-02-13 15:09:19,974] {taskinstance.py:902} INFO - Executing <Task(BashOperator): echo> on 2021-02-13T15:08:55+00:00@-@{"workflow": "airflow_monitoring", "task-id": "echo", "execution-date": "2021-02-13T15:08:55+00:00"}
[2021-02-13 15:09:19,991] {standard_task_runner.py:54} INFO - Started process 178 to run task@-@{"workflow": "airflow_monitoring", "task-id": "echo", "execution-date": "2021-02-13T15:08:55+00:00"}
[2021-02-13 15:09:20,200] {standard_task_runner.py:77} INFO - Running: ['airflow', 'run', 'airflow_monitoring', 'echo', '2021-02-13T15:08:55+00:00', '--job_id', '4', '--pool', 'default_pool', '--raw', '-sd', 'DAGS_FOLDER/airflow_monitoring.py', '--cfg_path', '/tmp/tmp8mwa6em9']@-@{"workflow": "airflow_monitoring", "task-id": "echo", "execution-date": "2021-02-13T15:08:55+00:00"}
[2021-02-13 15:09:20,202] {standard_task_runner.py:78} INFO - Job 4: Subtask echo@-@{"workflow": "airflow_monitoring", "task-id": "echo", "execution-date": "2021-02-13T15:08:55+00:00"}
[2021-02-13 15:09:20,788] {logging_mixin.py:112} INFO - Running <TaskInstance: airflow_monitoring.echo 2021-02-13T15:08:55+00:00 [running]> on host airflow-worker-6b9fdcd657-rm6pw@-@{"workflow": "airflow_monitoring", "task-id": "echo", "execution-date": "2021-02-13T15:08:55+00:00"}
[2021-02-13 15:09:21,177] {bash_operator.py:114} INFO - Tmp dir root location: 
 /tmp@-@{"workflow": "airflow_monitoring", "task-id": "echo", "execution-date": "2021-02-13T15:08:55+00:00"}@-@{"workflow": "airflow_monitoring", "task-id": "echo", "execution-date": "2021-02-13T15:08:55+00:00"}
[2021-02-13 15:09:21,207] {bash_operator.py:137} INFO - Temporary script location: /tmp/airflowtmplkashh6m/echo7lmcu1ct@-@{"workflow": "airflow_monitoring", "task-id": "echo", "execution-date": "2021-02-13T15:08:55+00:00"}@-@{"workflow": "airflow_monitoring", "task-id": "echo", "execution-date": "2021-02-13T15:08:55+00:00"}
[2021-02-13 15:09:21,217] {bash_operator.py:147} INFO - Running command: echo test@-@{"workflow": "airflow_monitoring", "task-id": "echo", "execution-date": "2021-02-13T15:08:55+00:00"}@-@{"workflow": "airflow_monitoring", "task-id": "echo", "execution-date": "2021-02-13T15:08:55+00:00"}
[2021-02-13 15:09:21,484] {bash_operator.py:154} INFO - Output:@-@{"workflow": "airflow_monitoring", "task-id": "echo", "execution-date": "2021-02-13T15:08:55+00:00"}@-@{"workflow": "airflow_monitoring", "task-id": "echo", "execution-date": "2021-02-13T15:08:55+00:00"}
[2021-02-13 15:09:21,517] {bash_operator.py:158} INFO - test@-@{"workflow": "airflow_monitoring", "task-id": "echo", "execution-date": "2021-02-13T15:08:55+00:00"}@-@{"workflow": "airflow_monitoring", "task-id": "echo", "execution-date": "2021-02-13T15:08:55+00:00"}
[2021-02-13 15:09:21,524] {bash_operator.py:162} INFO - Command exited with return code 0@-@{"workflow": "airflow_monitoring", "task-id": "echo", "execution-date": "2021-02-13T15:08:55+00:00"}@-@{"workflow": "airflow_monitoring", "task-id": "echo", "execution-date": "2021-02-13T15:08:55+00:00"}
[2021-02-13 15:09:21,676] {taskinstance.py:1071} INFO - Marking task as SUCCESS.dag_id=airflow_monitoring, task_id=echo, execution_date=20210213T150855, start_date=20210213T150919, end_date=20210213T150921@-@{"workflow": "airflow_monitoring", "task-id": "echo", "execution-date": "2021-02-13T15:08:55+00:00"}
[2021-02-13 15:09:24,687] {local_task_job.py:102} INFO - Task exited with return code 0@-@{"workflow": "airflow_monitoring", "task-id": "echo", "execution-date": "2021-02-13T15:08:55+00:00"}
