[2021-02-13 16:47:13,143] {taskinstance.py:671} INFO - Dependencies all met for <TaskInstance: airflow_monitoring.echo 2021-02-13T16:46:53+00:00 [queued]>@-@{"workflow": "airflow_monitoring", "task-id": "echo", "execution-date": "2021-02-13T16:46:53+00:00"}
[2021-02-13 16:47:13,235] {taskinstance.py:671} INFO - Dependencies all met for <TaskInstance: airflow_monitoring.echo 2021-02-13T16:46:53+00:00 [queued]>@-@{"workflow": "airflow_monitoring", "task-id": "echo", "execution-date": "2021-02-13T16:46:53+00:00"}
[2021-02-13 16:47:13,236] {taskinstance.py:881} INFO - 
--------------------------------------------------------------------------------@-@{"workflow": "airflow_monitoring", "task-id": "echo", "execution-date": "2021-02-13T16:46:53+00:00"}
[2021-02-13 16:47:13,236] {taskinstance.py:882} INFO - Starting attempt 1 of 2@-@{"workflow": "airflow_monitoring", "task-id": "echo", "execution-date": "2021-02-13T16:46:53+00:00"}
[2021-02-13 16:47:13,237] {taskinstance.py:883} INFO - 
--------------------------------------------------------------------------------@-@{"workflow": "airflow_monitoring", "task-id": "echo", "execution-date": "2021-02-13T16:46:53+00:00"}
[2021-02-13 16:47:13,328] {taskinstance.py:902} INFO - Executing <Task(BashOperator): echo> on 2021-02-13T16:46:53+00:00@-@{"workflow": "airflow_monitoring", "task-id": "echo", "execution-date": "2021-02-13T16:46:53+00:00"}
[2021-02-13 16:47:13,331] {standard_task_runner.py:54} INFO - Started process 1064 to run task@-@{"workflow": "airflow_monitoring", "task-id": "echo", "execution-date": "2021-02-13T16:46:53+00:00"}
[2021-02-13 16:47:13,385] {standard_task_runner.py:77} INFO - Running: ['airflow', 'run', 'airflow_monitoring', 'echo', '2021-02-13T16:46:53+00:00', '--job_id', '30', '--pool', 'default_pool', '--raw', '-sd', 'DAGS_FOLDER/airflow_monitoring.py', '--cfg_path', '/tmp/tmpu64rbyp4']@-@{"workflow": "airflow_monitoring", "task-id": "echo", "execution-date": "2021-02-13T16:46:53+00:00"}
[2021-02-13 16:47:13,387] {standard_task_runner.py:78} INFO - Job 30: Subtask echo@-@{"workflow": "airflow_monitoring", "task-id": "echo", "execution-date": "2021-02-13T16:46:53+00:00"}
[2021-02-13 16:47:13,896] {logging_mixin.py:112} INFO - Running <TaskInstance: airflow_monitoring.echo 2021-02-13T16:46:53+00:00 [running]> on host airflow-worker-6b9fdcd657-2zrhq@-@{"workflow": "airflow_monitoring", "task-id": "echo", "execution-date": "2021-02-13T16:46:53+00:00"}
[2021-02-13 16:47:13,999] {bash_operator.py:114} INFO - Tmp dir root location: 
 /tmp@-@{"workflow": "airflow_monitoring", "task-id": "echo", "execution-date": "2021-02-13T16:46:53+00:00"}@-@{"workflow": "airflow_monitoring", "task-id": "echo", "execution-date": "2021-02-13T16:46:53+00:00"}
[2021-02-13 16:47:14,001] {bash_operator.py:137} INFO - Temporary script location: /tmp/airflowtmpxfrvt2j0/echo9_ff2tq9@-@{"workflow": "airflow_monitoring", "task-id": "echo", "execution-date": "2021-02-13T16:46:53+00:00"}@-@{"workflow": "airflow_monitoring", "task-id": "echo", "execution-date": "2021-02-13T16:46:53+00:00"}
[2021-02-13 16:47:14,002] {bash_operator.py:147} INFO - Running command: echo test@-@{"workflow": "airflow_monitoring", "task-id": "echo", "execution-date": "2021-02-13T16:46:53+00:00"}@-@{"workflow": "airflow_monitoring", "task-id": "echo", "execution-date": "2021-02-13T16:46:53+00:00"}
[2021-02-13 16:47:14,145] {bash_operator.py:154} INFO - Output:@-@{"workflow": "airflow_monitoring", "task-id": "echo", "execution-date": "2021-02-13T16:46:53+00:00"}@-@{"workflow": "airflow_monitoring", "task-id": "echo", "execution-date": "2021-02-13T16:46:53+00:00"}
[2021-02-13 16:47:14,148] {bash_operator.py:158} INFO - test@-@{"workflow": "airflow_monitoring", "task-id": "echo", "execution-date": "2021-02-13T16:46:53+00:00"}@-@{"workflow": "airflow_monitoring", "task-id": "echo", "execution-date": "2021-02-13T16:46:53+00:00"}
[2021-02-13 16:47:14,149] {bash_operator.py:162} INFO - Command exited with return code 0@-@{"workflow": "airflow_monitoring", "task-id": "echo", "execution-date": "2021-02-13T16:46:53+00:00"}@-@{"workflow": "airflow_monitoring", "task-id": "echo", "execution-date": "2021-02-13T16:46:53+00:00"}
[2021-02-13 16:47:14,198] {taskinstance.py:1071} INFO - Marking task as SUCCESS.dag_id=airflow_monitoring, task_id=echo, execution_date=20210213T164653, start_date=20210213T164713, end_date=20210213T164714@-@{"workflow": "airflow_monitoring", "task-id": "echo", "execution-date": "2021-02-13T16:46:53+00:00"}
[2021-02-13 16:47:17,910] {local_task_job.py:102} INFO - Task exited with return code 0@-@{"workflow": "airflow_monitoring", "task-id": "echo", "execution-date": "2021-02-13T16:46:53+00:00"}
