[2021-02-13 16:41:28,862] {taskinstance.py:671} INFO - Dependencies all met for <TaskInstance: airflow_monitoring.echo 2021-02-13T16:41:17+00:00 [queued]>@-@{"workflow": "airflow_monitoring", "task-id": "echo", "execution-date": "2021-02-13T16:41:17+00:00"}
[2021-02-13 16:41:28,981] {taskinstance.py:671} INFO - Dependencies all met for <TaskInstance: airflow_monitoring.echo 2021-02-13T16:41:17+00:00 [queued]>@-@{"workflow": "airflow_monitoring", "task-id": "echo", "execution-date": "2021-02-13T16:41:17+00:00"}
[2021-02-13 16:41:28,981] {taskinstance.py:881} INFO - 
--------------------------------------------------------------------------------@-@{"workflow": "airflow_monitoring", "task-id": "echo", "execution-date": "2021-02-13T16:41:17+00:00"}
[2021-02-13 16:41:28,981] {taskinstance.py:882} INFO - Starting attempt 1 of 2@-@{"workflow": "airflow_monitoring", "task-id": "echo", "execution-date": "2021-02-13T16:41:17+00:00"}
[2021-02-13 16:41:28,982] {taskinstance.py:883} INFO - 
--------------------------------------------------------------------------------@-@{"workflow": "airflow_monitoring", "task-id": "echo", "execution-date": "2021-02-13T16:41:17+00:00"}
[2021-02-13 16:41:29,014] {taskinstance.py:902} INFO - Executing <Task(BashOperator): echo> on 2021-02-13T16:41:17+00:00@-@{"workflow": "airflow_monitoring", "task-id": "echo", "execution-date": "2021-02-13T16:41:17+00:00"}
[2021-02-13 16:41:29,016] {standard_task_runner.py:54} INFO - Started process 1018 to run task@-@{"workflow": "airflow_monitoring", "task-id": "echo", "execution-date": "2021-02-13T16:41:17+00:00"}
[2021-02-13 16:41:29,067] {standard_task_runner.py:77} INFO - Running: ['airflow', 'run', 'airflow_monitoring', 'echo', '2021-02-13T16:41:17+00:00', '--job_id', '29', '--pool', 'default_pool', '--raw', '-sd', 'DAGS_FOLDER/airflow_monitoring.py', '--cfg_path', '/tmp/tmp8t6lyp6y']@-@{"workflow": "airflow_monitoring", "task-id": "echo", "execution-date": "2021-02-13T16:41:17+00:00"}
[2021-02-13 16:41:29,069] {standard_task_runner.py:78} INFO - Job 29: Subtask echo@-@{"workflow": "airflow_monitoring", "task-id": "echo", "execution-date": "2021-02-13T16:41:17+00:00"}
[2021-02-13 16:41:29,561] {logging_mixin.py:112} INFO - Running <TaskInstance: airflow_monitoring.echo 2021-02-13T16:41:17+00:00 [running]> on host airflow-worker-6b9fdcd657-mzqsg@-@{"workflow": "airflow_monitoring", "task-id": "echo", "execution-date": "2021-02-13T16:41:17+00:00"}
[2021-02-13 16:41:29,643] {bash_operator.py:114} INFO - Tmp dir root location: 
 /tmp@-@{"workflow": "airflow_monitoring", "task-id": "echo", "execution-date": "2021-02-13T16:41:17+00:00"}@-@{"workflow": "airflow_monitoring", "task-id": "echo", "execution-date": "2021-02-13T16:41:17+00:00"}
[2021-02-13 16:41:29,645] {bash_operator.py:137} INFO - Temporary script location: /tmp/airflowtmp5bux0bct/echoolz6vi67@-@{"workflow": "airflow_monitoring", "task-id": "echo", "execution-date": "2021-02-13T16:41:17+00:00"}@-@{"workflow": "airflow_monitoring", "task-id": "echo", "execution-date": "2021-02-13T16:41:17+00:00"}
[2021-02-13 16:41:29,645] {bash_operator.py:147} INFO - Running command: echo test@-@{"workflow": "airflow_monitoring", "task-id": "echo", "execution-date": "2021-02-13T16:41:17+00:00"}@-@{"workflow": "airflow_monitoring", "task-id": "echo", "execution-date": "2021-02-13T16:41:17+00:00"}
[2021-02-13 16:41:29,847] {bash_operator.py:154} INFO - Output:@-@{"workflow": "airflow_monitoring", "task-id": "echo", "execution-date": "2021-02-13T16:41:17+00:00"}@-@{"workflow": "airflow_monitoring", "task-id": "echo", "execution-date": "2021-02-13T16:41:17+00:00"}
[2021-02-13 16:41:29,849] {bash_operator.py:158} INFO - test@-@{"workflow": "airflow_monitoring", "task-id": "echo", "execution-date": "2021-02-13T16:41:17+00:00"}@-@{"workflow": "airflow_monitoring", "task-id": "echo", "execution-date": "2021-02-13T16:41:17+00:00"}
[2021-02-13 16:41:29,850] {bash_operator.py:162} INFO - Command exited with return code 0@-@{"workflow": "airflow_monitoring", "task-id": "echo", "execution-date": "2021-02-13T16:41:17+00:00"}@-@{"workflow": "airflow_monitoring", "task-id": "echo", "execution-date": "2021-02-13T16:41:17+00:00"}
[2021-02-13 16:41:29,889] {taskinstance.py:1071} INFO - Marking task as SUCCESS.dag_id=airflow_monitoring, task_id=echo, execution_date=20210213T164117, start_date=20210213T164128, end_date=20210213T164129@-@{"workflow": "airflow_monitoring", "task-id": "echo", "execution-date": "2021-02-13T16:41:17+00:00"}
[2021-02-13 16:41:33,606] {local_task_job.py:102} INFO - Task exited with return code 0@-@{"workflow": "airflow_monitoring", "task-id": "echo", "execution-date": "2021-02-13T16:41:17+00:00"}
