[2021-02-13 16:35:47,487] {taskinstance.py:671} INFO - Dependencies all met for <TaskInstance: airflow_monitoring.echo 2021-02-13T16:35:32+00:00 [queued]>@-@{"workflow": "airflow_monitoring", "task-id": "echo", "execution-date": "2021-02-13T16:35:32+00:00"}
[2021-02-13 16:35:47,538] {taskinstance.py:671} INFO - Dependencies all met for <TaskInstance: airflow_monitoring.echo 2021-02-13T16:35:32+00:00 [queued]>@-@{"workflow": "airflow_monitoring", "task-id": "echo", "execution-date": "2021-02-13T16:35:32+00:00"}
[2021-02-13 16:35:47,538] {taskinstance.py:881} INFO - 
--------------------------------------------------------------------------------@-@{"workflow": "airflow_monitoring", "task-id": "echo", "execution-date": "2021-02-13T16:35:32+00:00"}
[2021-02-13 16:35:47,539] {taskinstance.py:882} INFO - Starting attempt 1 of 2@-@{"workflow": "airflow_monitoring", "task-id": "echo", "execution-date": "2021-02-13T16:35:32+00:00"}
[2021-02-13 16:35:47,539] {taskinstance.py:883} INFO - 
--------------------------------------------------------------------------------@-@{"workflow": "airflow_monitoring", "task-id": "echo", "execution-date": "2021-02-13T16:35:32+00:00"}
[2021-02-13 16:35:47,582] {taskinstance.py:902} INFO - Executing <Task(BashOperator): echo> on 2021-02-13T16:35:32+00:00@-@{"workflow": "airflow_monitoring", "task-id": "echo", "execution-date": "2021-02-13T16:35:32+00:00"}
[2021-02-13 16:35:47,585] {standard_task_runner.py:54} INFO - Started process 967 to run task@-@{"workflow": "airflow_monitoring", "task-id": "echo", "execution-date": "2021-02-13T16:35:32+00:00"}
[2021-02-13 16:35:47,643] {standard_task_runner.py:77} INFO - Running: ['airflow', 'run', 'airflow_monitoring', 'echo', '2021-02-13T16:35:32+00:00', '--job_id', '27', '--pool', 'default_pool', '--raw', '-sd', 'DAGS_FOLDER/airflow_monitoring.py', '--cfg_path', '/tmp/tmp57kzbl9k']@-@{"workflow": "airflow_monitoring", "task-id": "echo", "execution-date": "2021-02-13T16:35:32+00:00"}
[2021-02-13 16:35:47,645] {standard_task_runner.py:78} INFO - Job 27: Subtask echo@-@{"workflow": "airflow_monitoring", "task-id": "echo", "execution-date": "2021-02-13T16:35:32+00:00"}
[2021-02-13 16:35:48,071] {logging_mixin.py:112} INFO - Running <TaskInstance: airflow_monitoring.echo 2021-02-13T16:35:32+00:00 [running]> on host airflow-worker-6b9fdcd657-mzqsg@-@{"workflow": "airflow_monitoring", "task-id": "echo", "execution-date": "2021-02-13T16:35:32+00:00"}
[2021-02-13 16:35:48,146] {bash_operator.py:114} INFO - Tmp dir root location: 
 /tmp@-@{"workflow": "airflow_monitoring", "task-id": "echo", "execution-date": "2021-02-13T16:35:32+00:00"}@-@{"workflow": "airflow_monitoring", "task-id": "echo", "execution-date": "2021-02-13T16:35:32+00:00"}
[2021-02-13 16:35:48,148] {bash_operator.py:137} INFO - Temporary script location: /tmp/airflowtmp530ehvtd/echo5804f2r6@-@{"workflow": "airflow_monitoring", "task-id": "echo", "execution-date": "2021-02-13T16:35:32+00:00"}@-@{"workflow": "airflow_monitoring", "task-id": "echo", "execution-date": "2021-02-13T16:35:32+00:00"}
[2021-02-13 16:35:48,148] {bash_operator.py:147} INFO - Running command: echo test@-@{"workflow": "airflow_monitoring", "task-id": "echo", "execution-date": "2021-02-13T16:35:32+00:00"}@-@{"workflow": "airflow_monitoring", "task-id": "echo", "execution-date": "2021-02-13T16:35:32+00:00"}
[2021-02-13 16:35:48,281] {bash_operator.py:154} INFO - Output:@-@{"workflow": "airflow_monitoring", "task-id": "echo", "execution-date": "2021-02-13T16:35:32+00:00"}@-@{"workflow": "airflow_monitoring", "task-id": "echo", "execution-date": "2021-02-13T16:35:32+00:00"}
[2021-02-13 16:35:48,283] {bash_operator.py:158} INFO - test@-@{"workflow": "airflow_monitoring", "task-id": "echo", "execution-date": "2021-02-13T16:35:32+00:00"}@-@{"workflow": "airflow_monitoring", "task-id": "echo", "execution-date": "2021-02-13T16:35:32+00:00"}
[2021-02-13 16:35:48,284] {bash_operator.py:162} INFO - Command exited with return code 0@-@{"workflow": "airflow_monitoring", "task-id": "echo", "execution-date": "2021-02-13T16:35:32+00:00"}@-@{"workflow": "airflow_monitoring", "task-id": "echo", "execution-date": "2021-02-13T16:35:32+00:00"}
[2021-02-13 16:35:48,341] {taskinstance.py:1071} INFO - Marking task as SUCCESS.dag_id=airflow_monitoring, task_id=echo, execution_date=20210213T163532, start_date=20210213T163547, end_date=20210213T163548@-@{"workflow": "airflow_monitoring", "task-id": "echo", "execution-date": "2021-02-13T16:35:32+00:00"}
[2021-02-13 16:35:52,291] {local_task_job.py:102} INFO - Task exited with return code 0@-@{"workflow": "airflow_monitoring", "task-id": "echo", "execution-date": "2021-02-13T16:35:32+00:00"}
